Using pre-set license
Built from '2023.1/staging' branch; Version is '2023.1.3f1 (e00e24c187a5) revision 14683684'; Using compiler version '192829333'; Build Type 'Release'
OS: 'Windows 11  (10.0.22621) 64bit CoreCountrySpecific' Language: 'zh' Physical Memory: 16252 MB
BatchMode: 1, IsHumanControllingUs: 0, StartBugReporterOnCrash: 0, Is64bit: 1, IsPro: 1

COMMAND LINE ARGUMENTS:
D:\360Downloads\2023.1.3f1\Editor\Unity.exe
-adb2
-batchMode
-noUpm
-name
AssetImportWorker2
-projectPath
D:/Thesis Project/Thesis-project
-logFile
Logs/AssetImportWorker2.log
-srvPort
60388
Successfully changed project path to: D:/Thesis Project/Thesis-project
D:/Thesis Project/Thesis-project
[UnityMemory] Configuration Parameters - Can be set up in boot.config
    "memorysetup-bucket-allocator-granularity=16"
    "memorysetup-bucket-allocator-bucket-count=8"
    "memorysetup-bucket-allocator-block-size=33554432"
    "memorysetup-bucket-allocator-block-count=8"
    "memorysetup-main-allocator-block-size=16777216"
    "memorysetup-thread-allocator-block-size=16777216"
    "memorysetup-gfx-main-allocator-block-size=16777216"
    "memorysetup-gfx-thread-allocator-block-size=16777216"
    "memorysetup-cache-allocator-block-size=4194304"
    "memorysetup-typetree-allocator-block-size=2097152"
    "memorysetup-profiler-bucket-allocator-granularity=16"
    "memorysetup-profiler-bucket-allocator-bucket-count=8"
    "memorysetup-profiler-bucket-allocator-block-size=33554432"
    "memorysetup-profiler-bucket-allocator-block-count=8"
    "memorysetup-profiler-allocator-block-size=16777216"
    "memorysetup-profiler-editor-allocator-block-size=1048576"
    "memorysetup-temp-allocator-size-main=16777216"
    "memorysetup-job-temp-allocator-block-size=2097152"
    "memorysetup-job-temp-allocator-block-size-background=1048576"
    "memorysetup-job-temp-allocator-reduction-small-platforms=262144"
    "memorysetup-allocator-temp-initial-block-size-main=262144"
    "memorysetup-allocator-temp-initial-block-size-worker=262144"
    "memorysetup-temp-allocator-size-background-worker=32768"
    "memorysetup-temp-allocator-size-job-worker=262144"
    "memorysetup-temp-allocator-size-preload-manager=33554432"
    "memorysetup-temp-allocator-size-nav-mesh-worker=65536"
    "memorysetup-temp-allocator-size-audio-worker=65536"
    "memorysetup-temp-allocator-size-cloud-worker=32768"
    "memorysetup-temp-allocator-size-gi-baking-worker=262144"
    "memorysetup-temp-allocator-size-gfx=262144"
Player connection [32232] Host "[IP] 192.168.1.9 [Port] 0 [Flags] 2 [Guid] 3132484199 [EditorId] 3132484199 [Version] 1048832 [Id] WindowsEditor(7,LAPTOP-LQHPQG2V) [Debug] 1 [PackageName] WindowsEditor [ProjectName] Editor" joined multi-casting on [225.0.0.222:54997]...

Player connection [32232] Host "[IP] 192.168.1.9 [Port] 0 [Flags] 2 [Guid] 3132484199 [EditorId] 3132484199 [Version] 1048832 [Id] WindowsEditor(7,LAPTOP-LQHPQG2V) [Debug] 1 [PackageName] WindowsEditor [ProjectName] Editor" joined alternative multi-casting on [225.0.0.222:34997]...

Library Redirect Path: Library/Refreshing native plugins compatible for Editor in 6.86 ms, found 3 plugins.
Preloading 0 native plugins for Editor in 0.00 ms.
Initialize engine version: 2023.1.3f1 (e00e24c187a5)
[Subsystems] Discovering subsystems at path D:/360Downloads/2023.1.3f1/Editor/Data/Resources/UnitySubsystems
[Subsystems] Discovering subsystems at path D:/Thesis Project/Thesis-project/Assets
GfxDevice: creating device client; threaded=0; jobified=0
Direct3D:
    Version:  Direct3D 11.0 [level 11.1]
    Renderer: NVIDIA GeForce RTX 3070 Laptop GPU (ID=0x24dd)
    Vendor:   NVIDIA
    VRAM:     8033 MB
    Driver:   31.0.15.3168
Initialize mono
Mono path[0] = 'D:/360Downloads/2023.1.3f1/Editor/Data/Managed'
Mono path[1] = 'D:/360Downloads/2023.1.3f1/Editor/Data/MonoBleedingEdge/lib/mono/unityjit-win32'
Mono config path = 'D:/360Downloads/2023.1.3f1/Editor/Data/MonoBleedingEdge/etc'
Using monoOptions --debugger-agent=transport=dt_socket,embedding=1,server=y,suspend=n,address=127.0.0.1:56140
Begin MonoManager ReloadAssembly
C:\build\output\Unity-Technologies\mono\mono\metadata\icall.c:1842:
C:\build\output\Unity-Technologies\mono\mono\metadata\icall.c:1842:
C:\build\output\Unity-Technologies\mono\mono\metadata\icall.c:1842:
C:\build\output\Unity-Technologies\mono\mono\metadata\icall.c:1842:
C:\build\output\Unity-Technologies\mono\mono\metadata\icall.c:1842:
C:\build\output\Unity-Technologies\mono\mono\metadata\icall.c:1842:
C:\build\output\Unity-Technologies\mono\mono\metadata\icall.c:1842:
C:\build\output\Unity-Technologies\mono\mono\metadata\icall.c:1842:
C:\build\output\Unity-Technologies\mono\mono\metadata\icall.c:1842:
C:\build\output\Unity-Technologies\mono\mono\metadata\icall.c:1842:
Registering precompiled unity dll's ...
Register platform support module: D:/360Downloads/2023.1.3f1/Editor/Data/PlaybackEngines/WindowsStandaloneSupport/UnityEditor.WindowsStandalone.Extensions.dll
Registered in 0.002624 seconds.
- Loaded All Assemblies, in  0.360 seconds
Native extension for WindowsStandalone target not found
Mono: successfully reloaded assembly
C:\build\output\Unity-Technologies\mono\mono\metadata\icall.c:1842:
C:\build\output\Unity-Technologies\mono\mono\metadata\icall.c:1842:
- Finished resetting the current domain, in  0.265 seconds
Domain Reload Profiling: 625ms
	BeginReloadAssembly (135ms)
		ExecutionOrderSort (0ms)
		DisableScriptedObjects (0ms)
		BackupInstance (0ms)
		ReleaseScriptingObjects (0ms)
		CreateAndSetChildDomain (1ms)
	RebuildCommonClasses (39ms)
	RebuildNativeTypeToScriptingClass (10ms)
	initialDomainReloadingComplete (42ms)
	LoadAllAssembliesAndSetupDomain (134ms)
		LoadAssemblies (134ms)
		RebuildTransferFunctionScriptingTraits (0ms)
		AnalyzeDomain (131ms)
			TypeCache.Refresh (130ms)
				TypeCache.ScanAssembly (119ms)
			ScanForSourceGeneratedMonoScriptInfo (0ms)
			ResolveRequiredComponents (0ms)
	FinalizeReload (265ms)
		ReleaseScriptCaches (0ms)
		RebuildScriptCaches (0ms)
		SetupLoadedEditorAssemblies (224ms)
			LogAssemblyErrors (0ms)
			InitializePlatformSupportModulesInManaged (8ms)
			SetLoadedEditorAssemblies (4ms)
			BeforeProcessingInitializeOnLoad (6ms)
			ProcessInitializeOnLoadAttributes (154ms)
			ProcessInitializeOnLoadMethodAttributes (52ms)
			AfterProcessingInitializeOnLoad (0ms)
			EditorAssembliesLoaded (0ms)
		ExecutionOrderSort2 (0ms)
		AwakeInstancesAfterBackupRestoration (0ms)
========================================================================
Worker process is ready to serve import requests
Import Worker Mode flag is 0x00
Begin MonoManager ReloadAssembly
C:\build\output\Unity-Technologies\mono\mono\metadata\icall.c:1842:
C:\build\output\Unity-Technologies\mono\mono\metadata\icall.c:1842:
C:\build\output\Unity-Technologies\mono\mono\metadata\icall.c:1842:
C:\build\output\Unity-Technologies\mono\mono\metadata\icall.c:1842:
C:\build\output\Unity-Technologies\mono\mono\metadata\icall.c:1842:
C:\build\output\Unity-Technologies\mono\mono\metadata\icall.c:1842:
C:\build\output\Unity-Technologies\mono\mono\metadata\icall.c:1842:
C:\build\output\Unity-Technologies\mono\mono\metadata\icall.c:1842:
C:\build\output\Unity-Technologies\mono\mono\metadata\icall.c:1842:
C:\build\output\Unity-Technologies\mono\mono\metadata\icall.c:1842:
C:\build\output\Unity-Technologies\mono\mono\metadata\icall.c:1842:
C:\build\output\Unity-Technologies\mono\mono\metadata\icall.c:1842:
Symbol file LoadedFromMemory doesn't match image D:\Thesis Project\Thesis-project\Library\PackageCache\com.unity.visualscripting@1.8.0\Editor\VisualScripting.Core\Dependencies\YamlDotNet\Unity.VisualScripting.YamlDotNet.dll
Symbol file LoadedFromMemory doesn't match image D:\Thesis Project\Thesis-project\Library\PackageCache\com.unity.visualscripting@1.8.0\Editor\VisualScripting.Core\Dependencies\DotNetZip\Unity.VisualScripting.IonicZip.dll
- Loaded All Assemblies, in  0.836 seconds
Refreshing native plugins compatible for Editor in 2.58 ms, found 3 plugins.
Native extension for WindowsStandalone target not found
Mono: successfully reloaded assembly
- Finished resetting the current domain, in  0.717 seconds
Domain Reload Profiling: 1553ms
	BeginReloadAssembly (286ms)
		ExecutionOrderSort (0ms)
		DisableScriptedObjects (5ms)
		BackupInstance (0ms)
		ReleaseScriptingObjects (0ms)
		CreateAndSetChildDomain (32ms)
	RebuildCommonClasses (35ms)
	RebuildNativeTypeToScriptingClass (12ms)
	initialDomainReloadingComplete (34ms)
	LoadAllAssembliesAndSetupDomain (468ms)
		LoadAssemblies (278ms)
		RebuildTransferFunctionScriptingTraits (0ms)
		AnalyzeDomain (294ms)
			TypeCache.Refresh (277ms)
				TypeCache.ScanAssembly (264ms)
			ScanForSourceGeneratedMonoScriptInfo (13ms)
			ResolveRequiredComponents (3ms)
	FinalizeReload (717ms)
		ReleaseScriptCaches (0ms)
		RebuildScriptCaches (0ms)
		SetupLoadedEditorAssemblies (506ms)
			LogAssemblyErrors (0ms)
			InitializePlatformSupportModulesInManaged (5ms)
			SetLoadedEditorAssemblies (4ms)
			BeforeProcessingInitializeOnLoad (66ms)
			ProcessInitializeOnLoadAttributes (406ms)
			ProcessInitializeOnLoadMethodAttributes (24ms)
			AfterProcessingInitializeOnLoad (2ms)
			EditorAssembliesLoaded (0ms)
		ExecutionOrderSort2 (0ms)
		AwakeInstancesAfterBackupRestoration (14ms)
Launched and connected shader compiler UnityShaderCompiler.exe after 0.01 seconds
Refreshing native plugins compatible for Editor in 2.36 ms, found 3 plugins.
Preloading 0 native plugins for Editor in 0.00 ms.
Unloading 3133 Unused Serialized files (Serialized files now loaded: 0)
Unloading 31 unused Assets / (54.1 KB). Loaded Objects now: 3699.
Memory consumption went from 195.3 MB to 195.2 MB.
Total: 4.418600 ms (FindLiveObjects: 0.207000 ms CreateObjectMapping: 0.156300 ms MarkObjects: 3.946800 ms  DeleteObjects: 0.107500 ms)

AssetImportParameters requested are different than current active one (requested -> active):
  custom:video-decoder-webm-vp8: 9c59270c3fd7afecdb556c50c9e8de78 -> 
  custom:audio-encoder-webm-vorbis: bf7c407c2cedff20999df2af8eb42d56 -> 
  custom:AudioImporter_EditorPlatform: d09bf68614088b80899f8185d706f6e7 -> 
  custom:audio-decoder-ogg-vorbis: bf7c407c2cedff20999df2af8eb42d56 -> 
  custom:video-encoder-webm-vp8: eb34c28f22e8b96e1ab97ce403110664 -> 
  custom:container-demuxer-ogg: 62fdf1f143b41e24485cea50d1cbac27 -> 
  custom:framework-win-MediaFoundation: 216162199b28c13a410421893ffa2e32 -> 
  custom:video-decoder-ogg-theora: a1e56fd34408186e4bbccfd4996cb3dc -> 
  custom:container-muxer-webm: aa71ff27fc2769a1b78a27578f13a17b -> 
  custom:video-codec-MediaFoundation-h265: 746d11721c4dcdbdad8f713fa42b33f4 -> 
  custom:CustomObjectIndexerAttribute: 756ad292c208cfabdd7b50bc23989ffe -> 
  custom:container-demuxer-webm: 4f35f7cbe854078d1ac9338744f61a02 -> 
========================================================================
Received Import Request.
  Time since last request: 149434.968656 seconds.
  path: Assets/Desolate - Low Poly Desert/Content/Prefabs/Rocks/Light
  artifactKey: Guid(a9fae11422eb77842b8b6c36bcccdbf8) Importer(815301076,1909f56bfc062723c751e8b465ee728b)
Start importing Assets/Desolate - Low Poly Desert/Content/Prefabs/Rocks/Light using Guid(a9fae11422eb77842b8b6c36bcccdbf8) Importer(815301076,1909f56bfc062723c751e8b465ee728b)  -> (artifact id: '74570efc3c6623de3b129da91bc791c3') in 0.003193 seconds
Number of updated asset objects reloaded before import = 0
Number of asset objects unloaded after import = 0
========================================================================
Received Import Request.
  Time since last request: 0.035952 seconds.
  path: Assets/Desolate - Low Poly Desert/Content/Prefabs/Rocks/Light/Arch 1.prefab
  artifactKey: Guid(d2b5e6ce2850d6b43a9287e8937ac7fe) Importer(815301076,1909f56bfc062723c751e8b465ee728b)
Start importing Assets/Desolate - Low Poly Desert/Content/Prefabs/Rocks/Light/Arch 1.prefab using Guid(d2b5e6ce2850d6b43a9287e8937ac7fe) Importer(815301076,1909f56bfc062723c751e8b465ee728b)  -> (artifact id: 'ba5d0f012d0132b19838e3273b5c019a') in 0.087550 seconds
Number of updated asset objects reloaded before import = 0
Number of asset objects unloaded after import = 10
========================================================================
Received Import Request.
  Time since last request: 2.175349 seconds.
  path: Assets/Desolate - Low Poly Desert/Content/Prefabs/Rocks/Detail
  artifactKey: Guid(2d855d517015c3649be7f9ab754e8305) Importer(815301076,1909f56bfc062723c751e8b465ee728b)
Start importing Assets/Desolate - Low Poly Desert/Content/Prefabs/Rocks/Detail using Guid(2d855d517015c3649be7f9ab754e8305) Importer(815301076,1909f56bfc062723c751e8b465ee728b)  -> (artifact id: '1f1deb1b1de764830dd2811d45f00094') in 0.000512 seconds
Number of updated asset objects reloaded before import = 0
Number of asset objects unloaded after import = 0
========================================================================
Received Import Request.
  Time since last request: 0.046314 seconds.
  path: Assets/Desolate - Low Poly Desert/Content/Prefabs/Rocks/Detail/Brick 1.prefab
  artifactKey: Guid(47e7280d00e68fe45a5157a7665c160b) Importer(815301076,1909f56bfc062723c751e8b465ee728b)
Start importing Assets/Desolate - Low Poly Desert/Content/Prefabs/Rocks/Detail/Brick 1.prefab using Guid(47e7280d00e68fe45a5157a7665c160b) Importer(815301076,1909f56bfc062723c751e8b465ee728b)  -> (artifact id: 'bd54d686b2463d07404c2298104837cc') in 0.007912 seconds
Number of updated asset objects reloaded before import = 0
Number of asset objects unloaded after import = 9
========================================================================
Received Import Request.
  Time since last request: 0.000013 seconds.
  path: Assets/Desolate - Low Poly Desert/Content/Prefabs/Rocks/Detail/Pebble 4.prefab
  artifactKey: Guid(58f4f6abdf3dcdb4f9a040fa2c7d2e4b) Importer(815301076,1909f56bfc062723c751e8b465ee728b)
Start importing Assets/Desolate - Low Poly Desert/Content/Prefabs/Rocks/Detail/Pebble 4.prefab using Guid(58f4f6abdf3dcdb4f9a040fa2c7d2e4b) Importer(815301076,1909f56bfc062723c751e8b465ee728b)  -> (artifact id: '5b126b75eca948f3abe08edc385a70d3') in 0.025613 seconds
Number of updated asset objects reloaded before import = 0
Number of asset objects unloaded after import = 9
========================================================================
Received Import Request.
  Time since last request: 0.000017 seconds.
  path: Assets/Desolate - Low Poly Desert/Content/Prefabs/Rocks/Detail/Pebble 6.prefab
  artifactKey: Guid(7adbb6cafbc68164ea2ac0087757b8b0) Importer(815301076,1909f56bfc062723c751e8b465ee728b)
Start importing Assets/Desolate - Low Poly Desert/Content/Prefabs/Rocks/Detail/Pebble 6.prefab using Guid(7adbb6cafbc68164ea2ac0087757b8b0) Importer(815301076,1909f56bfc062723c751e8b465ee728b)  -> (artifact id: '48c457eb734ccf0b33db42c16c6e1701') in 0.012925 seconds
Number of updated asset objects reloaded before import = 0
Number of asset objects unloaded after import = 9
========================================================================
Received Import Request.
  Time since last request: 0.000021 seconds.
  path: Assets/Desolate - Low Poly Desert/Content/Prefabs/Rocks/Detail/Plate 4.prefab
  artifactKey: Guid(2ed7d903a75d74c4fba87591a98974ed) Importer(815301076,1909f56bfc062723c751e8b465ee728b)
Start importing Assets/Desolate - Low Poly Desert/Content/Prefabs/Rocks/Detail/Plate 4.prefab using Guid(2ed7d903a75d74c4fba87591a98974ed) Importer(815301076,1909f56bfc062723c751e8b465ee728b)  -> (artifact id: 'f622009d0bcca963acc0e714f525232b') in 0.008954 seconds
Number of updated asset objects reloaded before import = 0
Number of asset objects unloaded after import = 9
========================================================================
Received Import Request.
  Time since last request: 0.000013 seconds.
  path: Assets/Desolate - Low Poly Desert/Content/Prefabs/Rocks/Detail/Pebble 5.prefab
  artifactKey: Guid(eb9fbd2be7bf03c43861f687af8ed62a) Importer(815301076,1909f56bfc062723c751e8b465ee728b)
Start importing Assets/Desolate - Low Poly Desert/Content/Prefabs/Rocks/Detail/Pebble 5.prefab using Guid(eb9fbd2be7bf03c43861f687af8ed62a) Importer(815301076,1909f56bfc062723c751e8b465ee728b)  -> (artifact id: 'd8db5de12b5c1269355ead7d1f639883') in 0.005932 seconds
Number of updated asset objects reloaded before import = 0
Number of asset objects unloaded after import = 9
========================================================================
Received Import Request.
  Time since last request: 0.000013 seconds.
  path: Assets/Desolate - Low Poly Desert/Content/Prefabs/Rocks/Detail/Brick 6.prefab
  artifactKey: Guid(d93d52f864d2c1545a003dcdcfceafac) Importer(815301076,1909f56bfc062723c751e8b465ee728b)
Start importing Assets/Desolate - Low Poly Desert/Content/Prefabs/Rocks/Detail/Brick 6.prefab using Guid(d93d52f864d2c1545a003dcdcfceafac) Importer(815301076,1909f56bfc062723c751e8b465ee728b)  -> (artifact id: 'be34dd9a65b5cc1fc5321171f5ee757d') in 0.005971 seconds
Number of updated asset objects reloaded before import = 0
Number of asset objects unloaded after import = 9
========================================================================
Received Import Request.
  Time since last request: 64.759526 seconds.
  path: Assets/Desolate - Low Poly Desert/Content/Prefabs/Terrain
  artifactKey: Guid(ee80f54e91024b64b8e793555d563f44) Importer(815301076,1909f56bfc062723c751e8b465ee728b)
Start importing Assets/Desolate - Low Poly Desert/Content/Prefabs/Terrain using Guid(ee80f54e91024b64b8e793555d563f44) Importer(815301076,1909f56bfc062723c751e8b465ee728b)  -> (artifact id: '16efbba8b2ecee5d9ae3ae4278e0a0ab') in 0.000907 seconds
Number of updated asset objects reloaded before import = 0
Number of asset objects unloaded after import = 0
========================================================================
Received Import Request.
  Time since last request: 21.733269 seconds.
  path: Assets/Desolate - Low Poly Desert/Content/Prefabs/Terrain/Red Sand
  artifactKey: Guid(8c1751597f114e2458da9f627d0656ab) Importer(815301076,1909f56bfc062723c751e8b465ee728b)
Start importing Assets/Desolate - Low Poly Desert/Content/Prefabs/Terrain/Red Sand using Guid(8c1751597f114e2458da9f627d0656ab) Importer(815301076,1909f56bfc062723c751e8b465ee728b)  -> (artifact id: 'a5edcd407d9f085cd7c32ec8049b27ca') in 0.000489 seconds
Number of updated asset objects reloaded before import = 0
Number of asset objects unloaded after import = 0
========================================================================
Received Import Request.
  Time since last request: 0.040554 seconds.
  path: Assets/Desolate - Low Poly Desert/Content/Prefabs/Terrain/Red Sand/Basin 1.prefab
  artifactKey: Guid(04fe54103c9ff2f4fb9ba9138773ec5d) Importer(815301076,1909f56bfc062723c751e8b465ee728b)
Start importing Assets/Desolate - Low Poly Desert/Content/Prefabs/Terrain/Red Sand/Basin 1.prefab using Guid(04fe54103c9ff2f4fb9ba9138773ec5d) Importer(815301076,1909f56bfc062723c751e8b465ee728b)  -> (artifact id: 'b6cae74650f6dd1aced4891d77a5910a') in 0.008301 seconds
Number of updated asset objects reloaded before import = 0
Number of asset objects unloaded after import = 10
========================================================================
Received Import Request.
  Time since last request: 0.001836 seconds.
  path: Assets/Desolate - Low Poly Desert/Content/Prefabs/Terrain/Red Sand/Basin 4.prefab
  artifactKey: Guid(9ab7016fa3aa89643a6423c20a7ef7a2) Importer(815301076,1909f56bfc062723c751e8b465ee728b)
Start importing Assets/Desolate - Low Poly Desert/Content/Prefabs/Terrain/Red Sand/Basin 4.prefab using Guid(9ab7016fa3aa89643a6423c20a7ef7a2) Importer(815301076,1909f56bfc062723c751e8b465ee728b)  -> (artifact id: '3ca95f29c71d9aeb1522a831e59c1209') in 0.011033 seconds
Number of updated asset objects reloaded before import = 0
Number of asset objects unloaded after import = 10
========================================================================
Received Import Request.
  Time since last request: 0.000016 seconds.
  path: Assets/Desolate - Low Poly Desert/Content/Prefabs/Terrain/Red Sand/Basin 8.prefab
  artifactKey: Guid(c1f0c50e7c9141a4a924a42344e85dc3) Importer(815301076,1909f56bfc062723c751e8b465ee728b)
Start importing Assets/Desolate - Low Poly Desert/Content/Prefabs/Terrain/Red Sand/Basin 8.prefab using Guid(c1f0c50e7c9141a4a924a42344e85dc3) Importer(815301076,1909f56bfc062723c751e8b465ee728b)  -> (artifact id: 'e17e6200cacb2780bc7b4e36d5a0abd3') in 0.008779 seconds
Number of updated asset objects reloaded before import = 0
Number of asset objects unloaded after import = 10
========================================================================
Received Import Request.
  Time since last request: 0.000014 seconds.
  path: Assets/Desolate - Low Poly Desert/Content/Prefabs/Terrain/Red Sand/Soft Dune 3.prefab
  artifactKey: Guid(44a34ce58fedca9439f20044aa0648b0) Importer(815301076,1909f56bfc062723c751e8b465ee728b)
Start importing Assets/Desolate - Low Poly Desert/Content/Prefabs/Terrain/Red Sand/Soft Dune 3.prefab using Guid(44a34ce58fedca9439f20044aa0648b0) Importer(815301076,1909f56bfc062723c751e8b465ee728b)  -> (artifact id: '8293394a0bcce66891ded42fa4cb15f4') in 0.007680 seconds
Number of updated asset objects reloaded before import = 0
Number of asset objects unloaded after import = 9
========================================================================
Received Import Request.
  Time since last request: 0.000012 seconds.
  path: Assets/Desolate - Low Poly Desert/Content/Prefabs/Terrain/Red Sand/Dunes 3.prefab
  artifactKey: Guid(39514d3e39e81eb4da72803e7bc39c76) Importer(815301076,1909f56bfc062723c751e8b465ee728b)
Start importing Assets/Desolate - Low Poly Desert/Content/Prefabs/Terrain/Red Sand/Dunes 3.prefab using Guid(39514d3e39e81eb4da72803e7bc39c76) Importer(815301076,1909f56bfc062723c751e8b465ee728b)  -> (artifact id: 'f76afbcded7dd5c1c987f4186d3ca10a') in 0.011088 seconds
Number of updated asset objects reloaded before import = 0
Number of asset objects unloaded after import = 9
========================================================================
Received Import Request.
  Time since last request: 0.000014 seconds.
  path: Assets/Desolate - Low Poly Desert/Content/Prefabs/Terrain/Red Sand/Basin 6.prefab
  artifactKey: Guid(8e776d2fea881764ca5fc05b5234a3a2) Importer(815301076,1909f56bfc062723c751e8b465ee728b)
Start importing Assets/Desolate - Low Poly Desert/Content/Prefabs/Terrain/Red Sand/Basin 6.prefab using Guid(8e776d2fea881764ca5fc05b5234a3a2) Importer(815301076,1909f56bfc062723c751e8b465ee728b)  -> (artifact id: 'f88d1b3ec72511776428bee4232ca2b8') in 0.008909 seconds
Number of updated asset objects reloaded before import = 0
Number of asset objects unloaded after import = 10
========================================================================
Received Import Request.
  Time since last request: 0.000020 seconds.
  path: Assets/Desolate - Low Poly Desert/Content/Prefabs/Terrain/Red Sand/Basin 9.prefab
  artifactKey: Guid(e1b4979e617a7b64d836e2f01638c096) Importer(815301076,1909f56bfc062723c751e8b465ee728b)
Start importing Assets/Desolate - Low Poly Desert/Content/Prefabs/Terrain/Red Sand/Basin 9.prefab using Guid(e1b4979e617a7b64d836e2f01638c096) Importer(815301076,1909f56bfc062723c751e8b465ee728b)  -> (artifact id: '6257dd1be3e2745fd57552f802886816') in 0.007488 seconds
Number of updated asset objects reloaded before import = 0
Number of asset objects unloaded after import = 10
========================================================================
Received Import Request.
  Time since last request: 0.000013 seconds.
  path: Assets/Desolate - Low Poly Desert/Content/Prefabs/Terrain/Red Sand/Basin 5.prefab
  artifactKey: Guid(ff3fa9bd724ea4b4b8609d2b7ca73961) Importer(815301076,1909f56bfc062723c751e8b465ee728b)
Start importing Assets/Desolate - Low Poly Desert/Content/Prefabs/Terrain/Red Sand/Basin 5.prefab using Guid(ff3fa9bd724ea4b4b8609d2b7ca73961) Importer(815301076,1909f56bfc062723c751e8b465ee728b)  -> (artifact id: '0ba06903f97aff04c3350766b836bbd4') in 0.011148 seconds
Number of updated asset objects reloaded before import = 0
Number of asset objects unloaded after import = 10
========================================================================
Received Import Request.
  Time since last request: 0.000016 seconds.
  path: Assets/Desolate - Low Poly Desert/Content/Prefabs/Terrain/Red Sand/Soft Dune 2.prefab
  artifactKey: Guid(18d670c1469588b4b8fede8f6906e6d8) Importer(815301076,1909f56bfc062723c751e8b465ee728b)
Start importing Assets/Desolate - Low Poly Desert/Content/Prefabs/Terrain/Red Sand/Soft Dune 2.prefab using Guid(18d670c1469588b4b8fede8f6906e6d8) Importer(815301076,1909f56bfc062723c751e8b465ee728b)  -> (artifact id: '711880b0b4edb1a70454c25a8d4213d6') in 0.007012 seconds
Number of updated asset objects reloaded before import = 0
Number of asset objects unloaded after import = 9
========================================================================
Received Import Request.
  Time since last request: 199.404136 seconds.
  path: Assets/Polytope Studio/Lowpoly_Demos/Environment_Free/Helpers/Terrain/New Terrain.asset
  artifactKey: Guid(e0829138c40f356458f259edb063d67a) Importer(815301076,1909f56bfc062723c751e8b465ee728b)
Start importing Assets/Polytope Studio/Lowpoly_Demos/Environment_Free/Helpers/Terrain/New Terrain.asset using Guid(e0829138c40f356458f259edb063d67a) Importer(815301076,1909f56bfc062723c751e8b465ee728b) The tree PT_Pine_Tree_03_stump must use the Nature/Soft Occlusion shader. Otherwise billboarding/lighting will not work correctly.
The tree PT_Fruit_Tree_01_logs must use the Nature/Soft Occlusion shader. Otherwise billboarding/lighting will not work correctly.
 -> (artifact id: '6d8ee79a7d850e885f20cd7c77c12ed8') in 0.075440 seconds
Number of updated asset objects reloaded before import = 0
Number of asset objects unloaded after import = 310
========================================================================
Received Import Request.
  Time since last request: 0.000016 seconds.
  path: Assets/Polytope Studio/Lowpoly_Demos/Environment_Free/Helpers/Terrain/TerrainData_88efe361-6f68-4188-bcd0-e9554ca440b9.asset
  artifactKey: Guid(f2e008cefb3ff674e8c681a3f961fb80) Importer(815301076,1909f56bfc062723c751e8b465ee728b)
Start importing Assets/Polytope Studio/Lowpoly_Demos/Environment_Free/Helpers/Terrain/TerrainData_88efe361-6f68-4188-bcd0-e9554ca440b9.asset using Guid(f2e008cefb3ff674e8c681a3f961fb80) Importer(815301076,1909f56bfc062723c751e8b465ee728b)  -> (artifact id: 'fa26e52829f7d4e5d5f394203b240d5e') in 0.029010 seconds
Number of updated asset objects reloaded before import = 0
Number of asset objects unloaded after import = 183
========================================================================
Received Import Request.
  Time since last request: 0.000018 seconds.
  path: Assets/Polytope Studio/Lowpoly_Demos/Environment_Free/Helpers/Terrain/TerrainData_6dc76592-a48a-4163-91df-c29ec1a99c66.asset
  artifactKey: Guid(c40d5572f8d7d6843bd8d20c21f1c0be) Importer(815301076,1909f56bfc062723c751e8b465ee728b)
Start importing Assets/Polytope Studio/Lowpoly_Demos/Environment_Free/Helpers/Terrain/TerrainData_6dc76592-a48a-4163-91df-c29ec1a99c66.asset using Guid(c40d5572f8d7d6843bd8d20c21f1c0be) Importer(815301076,1909f56bfc062723c751e8b465ee728b)  -> (artifact id: 'f409f2f586ac3e51d71c90000fe823da') in 0.020858 seconds
Number of updated asset objects reloaded before import = 0
Number of asset objects unloaded after import = 183
========================================================================
Received Import Request.
  Time since last request: 0.000014 seconds.
  path: Assets/Polytope Studio/Lowpoly_Demos/Environment_Free/Helpers/Terrain/TerrainData_c82c1fc5-a7ad-4f88-a7ff-c071a4dae8e5.asset
  artifactKey: Guid(d9f3564d21751d046890366f3fc55400) Importer(815301076,1909f56bfc062723c751e8b465ee728b)
Start importing Assets/Polytope Studio/Lowpoly_Demos/Environment_Free/Helpers/Terrain/TerrainData_c82c1fc5-a7ad-4f88-a7ff-c071a4dae8e5.asset using Guid(d9f3564d21751d046890366f3fc55400) Importer(815301076,1909f56bfc062723c751e8b465ee728b)  -> (artifact id: '370fae3f06b7801db004a73857141670') in 0.028546 seconds
Number of updated asset objects reloaded before import = 0
Number of asset objects unloaded after import = 126
========================================================================
Received Import Request.
  Time since last request: 0.000014 seconds.
  path: Assets/Polytope Studio/Lowpoly_Demos/Environment_Free/Helpers/Terrain/TerrainData_ff4b5190-b520-4d46-b960-ee1d0967df26.asset
  artifactKey: Guid(3349f3f4495a62f40895e095545b535e) Importer(815301076,1909f56bfc062723c751e8b465ee728b)
Start importing Assets/Polytope Studio/Lowpoly_Demos/Environment_Free/Helpers/Terrain/TerrainData_ff4b5190-b520-4d46-b960-ee1d0967df26.asset using Guid(3349f3f4495a62f40895e095545b535e) Importer(815301076,1909f56bfc062723c751e8b465ee728b) The tree PT_Pine_Tree_03_stump must use the Nature/Soft Occlusion shader. Otherwise billboarding/lighting will not work correctly.
The tree PT_Fruit_Tree_01_logs must use the Nature/Soft Occlusion shader. Otherwise billboarding/lighting will not work correctly.
 -> (artifact id: '0efc10ab90080510f01283a685437c02') in 0.026978 seconds
Number of updated asset objects reloaded before import = 0
Number of asset objects unloaded after import = 310
========================================================================
Received Import Request.
  Time since last request: 55.264809 seconds.
  path: Assets/SlugGlove Flying Assets/PhysicsMat/TerrainFriction.physicMaterial
  artifactKey: Guid(5f71148abd8fa8a4ea70cdc904b2f3ea) Importer(815301076,1909f56bfc062723c751e8b465ee728b)
Start importing Assets/SlugGlove Flying Assets/PhysicsMat/TerrainFriction.physicMaterial using Guid(5f71148abd8fa8a4ea70cdc904b2f3ea) Importer(815301076,1909f56bfc062723c751e8b465ee728b)  -> (artifact id: 'efa5c6a5cf7a65c45681fbb02b272234') in 0.001285 seconds
Number of updated asset objects reloaded before import = 0
Number of asset objects unloaded after import = 1
