Using pre-set license
Built from '2023.1/staging' branch; Version is '2023.1.3f1 (e00e24c187a5) revision 14683684'; Using compiler version '192829333'; Build Type 'Release'
OS: 'Windows 10  (10.0.19045) 64bit Education' Language: 'zh' Physical Memory: 16299 MB
BatchMode: 1, IsHumanControllingUs: 0, StartBugReporterOnCrash: 0, Is64bit: 1, IsPro: 1

COMMAND LINE ARGUMENTS:
D:\unity\2023.1.3f1\Editor\Unity.exe
-adb2
-batchMode
-noUpm
-name
AssetImportWorker4
-projectPath
D:/unity/Thesis project
-logFile
Logs/AssetImportWorker4.log
-srvPort
62572
Successfully changed project path to: D:/unity/Thesis project
D:/unity/Thesis project
[UnityMemory] Configuration Parameters - Can be set up in boot.config
    "memorysetup-bucket-allocator-granularity=16"
    "memorysetup-bucket-allocator-bucket-count=8"
    "memorysetup-bucket-allocator-block-size=33554432"
    "memorysetup-bucket-allocator-block-count=8"
    "memorysetup-main-allocator-block-size=16777216"
    "memorysetup-thread-allocator-block-size=16777216"
    "memorysetup-gfx-main-allocator-block-size=16777216"
    "memorysetup-gfx-thread-allocator-block-size=16777216"
    "memorysetup-cache-allocator-block-size=4194304"
    "memorysetup-typetree-allocator-block-size=2097152"
    "memorysetup-profiler-bucket-allocator-granularity=16"
    "memorysetup-profiler-bucket-allocator-bucket-count=8"
    "memorysetup-profiler-bucket-allocator-block-size=33554432"
    "memorysetup-profiler-bucket-allocator-block-count=8"
    "memorysetup-profiler-allocator-block-size=16777216"
    "memorysetup-profiler-editor-allocator-block-size=1048576"
    "memorysetup-temp-allocator-size-main=16777216"
    "memorysetup-job-temp-allocator-block-size=2097152"
    "memorysetup-job-temp-allocator-block-size-background=1048576"
    "memorysetup-job-temp-allocator-reduction-small-platforms=262144"
    "memorysetup-allocator-temp-initial-block-size-main=262144"
    "memorysetup-allocator-temp-initial-block-size-worker=262144"
    "memorysetup-temp-allocator-size-background-worker=32768"
    "memorysetup-temp-allocator-size-job-worker=262144"
    "memorysetup-temp-allocator-size-preload-manager=33554432"
    "memorysetup-temp-allocator-size-nav-mesh-worker=65536"
    "memorysetup-temp-allocator-size-audio-worker=65536"
    "memorysetup-temp-allocator-size-cloud-worker=32768"
    "memorysetup-temp-allocator-size-gi-baking-worker=262144"
    "memorysetup-temp-allocator-size-gfx=262144"
Player connection [35032] Host "[IP] 192.168.1.145 [Port] 0 [Flags] 2 [Guid] 2221213494 [EditorId] 2221213494 [Version] 1048832 [Id] WindowsEditor(7,DESKTOP-FCN3C3F) [Debug] 1 [PackageName] WindowsEditor [ProjectName] Editor" joined multi-casting on [225.0.0.222:54997]...

Player connection [35032] Host "[IP] 192.168.1.145 [Port] 0 [Flags] 2 [Guid] 2221213494 [EditorId] 2221213494 [Version] 1048832 [Id] WindowsEditor(7,DESKTOP-FCN3C3F) [Debug] 1 [PackageName] WindowsEditor [ProjectName] Editor" joined alternative multi-casting on [225.0.0.222:34997]...

Library Redirect Path: Library/Refreshing native plugins compatible for Editor in 17.10 ms, found 3 plugins.
Preloading 0 native plugins for Editor in 0.00 ms.
Initialize engine version: 2023.1.3f1 (e00e24c187a5)
[Subsystems] Discovering subsystems at path D:/unity/2023.1.3f1/Editor/Data/Resources/UnitySubsystems
[Subsystems] Discovering subsystems at path D:/unity/Thesis project/Assets
GfxDevice: creating device client; threaded=0; jobified=0
Direct3D:
    Version:  Direct3D 11.0 [level 11.1]
    Renderer: NVIDIA GeForce RTX 2080 (ID=0x1e87)
    Vendor:   NVIDIA
    VRAM:     8002 MB
    Driver:   31.0.15.3141
Initialize mono
Mono path[0] = 'D:/unity/2023.1.3f1/Editor/Data/Managed'
Mono path[1] = 'D:/unity/2023.1.3f1/Editor/Data/MonoBleedingEdge/lib/mono/unityjit-win32'
Mono config path = 'D:/unity/2023.1.3f1/Editor/Data/MonoBleedingEdge/etc'
Using monoOptions --debugger-agent=transport=dt_socket,embedding=1,server=y,suspend=n,address=127.0.0.1:56048
Begin MonoManager ReloadAssembly
C:\build\output\Unity-Technologies\mono\mono\metadata\icall.c:1842:
C:\build\output\Unity-Technologies\mono\mono\metadata\icall.c:1842:
C:\build\output\Unity-Technologies\mono\mono\metadata\icall.c:1842:
C:\build\output\Unity-Technologies\mono\mono\metadata\icall.c:1842:
C:\build\output\Unity-Technologies\mono\mono\metadata\icall.c:1842:
C:\build\output\Unity-Technologies\mono\mono\metadata\icall.c:1842:
C:\build\output\Unity-Technologies\mono\mono\metadata\icall.c:1842:
C:\build\output\Unity-Technologies\mono\mono\metadata\icall.c:1842:
C:\build\output\Unity-Technologies\mono\mono\metadata\icall.c:1842:
C:\build\output\Unity-Technologies\mono\mono\metadata\icall.c:1842:
Registering precompiled unity dll's ...
Register platform support module: D:/unity/2023.1.3f1/Editor/Data/PlaybackEngines/WebGLSupport/UnityEditor.WebGL.Extensions.dll
Register platform support module: D:/unity/2023.1.3f1/Editor/Data/PlaybackEngines/WindowsStandaloneSupport/UnityEditor.WindowsStandalone.Extensions.dll
Registered in 0.001879 seconds.
- Loaded All Assemblies, in  0.406 seconds
Native extension for WindowsStandalone target not found
Native extension for WebGL target not found
Mono: successfully reloaded assembly
C:\build\output\Unity-Technologies\mono\mono\metadata\icall.c:1842:
C:\build\output\Unity-Technologies\mono\mono\metadata\icall.c:1842:
- Finished resetting the current domain, in  0.268 seconds
Domain Reload Profiling: 674ms
	BeginReloadAssembly (176ms)
		ExecutionOrderSort (0ms)
		DisableScriptedObjects (0ms)
		BackupInstance (0ms)
		ReleaseScriptingObjects (0ms)
		CreateAndSetChildDomain (1ms)
	RebuildCommonClasses (32ms)
	RebuildNativeTypeToScriptingClass (11ms)
	initialDomainReloadingComplete (40ms)
	LoadAllAssembliesAndSetupDomain (147ms)
		LoadAssemblies (180ms)
		RebuildTransferFunctionScriptingTraits (0ms)
		AnalyzeDomain (139ms)
			TypeCache.Refresh (138ms)
				TypeCache.ScanAssembly (128ms)
			ScanForSourceGeneratedMonoScriptInfo (0ms)
			ResolveRequiredComponents (0ms)
	FinalizeReload (268ms)
		ReleaseScriptCaches (0ms)
		RebuildScriptCaches (0ms)
		SetupLoadedEditorAssemblies (226ms)
			LogAssemblyErrors (0ms)
			InitializePlatformSupportModulesInManaged (8ms)
			SetLoadedEditorAssemblies (4ms)
			BeforeProcessingInitializeOnLoad (6ms)
			ProcessInitializeOnLoadAttributes (157ms)
			ProcessInitializeOnLoadMethodAttributes (50ms)
			AfterProcessingInitializeOnLoad (0ms)
			EditorAssembliesLoaded (0ms)
		ExecutionOrderSort2 (0ms)
		AwakeInstancesAfterBackupRestoration (0ms)
========================================================================
Worker process is ready to serve import requests
Import Worker Mode flag is 0x00
Begin MonoManager ReloadAssembly
C:\build\output\Unity-Technologies\mono\mono\metadata\icall.c:1842:
C:\build\output\Unity-Technologies\mono\mono\metadata\icall.c:1842:
C:\build\output\Unity-Technologies\mono\mono\metadata\icall.c:1842:
C:\build\output\Unity-Technologies\mono\mono\metadata\icall.c:1842:
C:\build\output\Unity-Technologies\mono\mono\metadata\icall.c:1842:
C:\build\output\Unity-Technologies\mono\mono\metadata\icall.c:1842:
C:\build\output\Unity-Technologies\mono\mono\metadata\icall.c:1842:
C:\build\output\Unity-Technologies\mono\mono\metadata\icall.c:1842:
C:\build\output\Unity-Technologies\mono\mono\metadata\icall.c:1842:
C:\build\output\Unity-Technologies\mono\mono\metadata\icall.c:1842:
C:\build\output\Unity-Technologies\mono\mono\metadata\icall.c:1842:
C:\build\output\Unity-Technologies\mono\mono\metadata\icall.c:1842:
Symbol file LoadedFromMemory doesn't match image D:\unity\Thesis project\Library\PackageCache\com.unity.visualscripting@1.8.0\Editor\VisualScripting.Core\Dependencies\YamlDotNet\Unity.VisualScripting.YamlDotNet.dll
Symbol file LoadedFromMemory doesn't match image D:\unity\Thesis project\Library\PackageCache\com.unity.visualscripting@1.8.0\Editor\VisualScripting.Core\Dependencies\DotNetZip\Unity.VisualScripting.IonicZip.dll
- Loaded All Assemblies, in  0.945 seconds
Refreshing native plugins compatible for Editor in 1.11 ms, found 3 plugins.
Native extension for WindowsStandalone target not found
Native extension for WebGL target not found
Mono: successfully reloaded assembly
- Finished resetting the current domain, in  0.688 seconds
Domain Reload Profiling: 1632ms
	BeginReloadAssembly (299ms)
		ExecutionOrderSort (0ms)
		DisableScriptedObjects (6ms)
		BackupInstance (0ms)
		ReleaseScriptingObjects (0ms)
		CreateAndSetChildDomain (24ms)
	RebuildCommonClasses (32ms)
	RebuildNativeTypeToScriptingClass (12ms)
	initialDomainReloadingComplete (33ms)
	LoadAllAssembliesAndSetupDomain (568ms)
		LoadAssemblies (356ms)
		RebuildTransferFunctionScriptingTraits (0ms)
		AnalyzeDomain (299ms)
			TypeCache.Refresh (283ms)
				TypeCache.ScanAssembly (272ms)
			ScanForSourceGeneratedMonoScriptInfo (12ms)
			ResolveRequiredComponents (4ms)
	FinalizeReload (688ms)
		ReleaseScriptCaches (0ms)
		RebuildScriptCaches (0ms)
		SetupLoadedEditorAssemblies (487ms)
			LogAssemblyErrors (0ms)
			InitializePlatformSupportModulesInManaged (6ms)
			SetLoadedEditorAssemblies (3ms)
			BeforeProcessingInitializeOnLoad (61ms)
			ProcessInitializeOnLoadAttributes (393ms)
			ProcessInitializeOnLoadMethodAttributes (21ms)
			AfterProcessingInitializeOnLoad (3ms)
			EditorAssembliesLoaded (0ms)
		ExecutionOrderSort2 (0ms)
		AwakeInstancesAfterBackupRestoration (7ms)
Launched and connected shader compiler UnityShaderCompiler.exe after 0.02 seconds
Refreshing native plugins compatible for Editor in 1.17 ms, found 3 plugins.
Preloading 0 native plugins for Editor in 0.00 ms.
Unloading 3133 Unused Serialized files (Serialized files now loaded: 0)
Unloading 31 unused Assets / (53.7 KB). Loaded Objects now: 3699.
Memory consumption went from 198.9 MB to 198.8 MB.
Total: 3.566400 ms (FindLiveObjects: 0.196900 ms CreateObjectMapping: 0.178800 ms MarkObjects: 3.098000 ms  DeleteObjects: 0.091800 ms)

AssetImportParameters requested are different than current active one (requested -> active):
  custom:video-decoder-webm-vp8: 9c59270c3fd7afecdb556c50c9e8de78 -> 
  custom:audio-encoder-webm-vorbis: bf7c407c2cedff20999df2af8eb42d56 -> 
  custom:AudioImporter_EditorPlatform: d09bf68614088b80899f8185d706f6e7 -> 
  custom:audio-decoder-ogg-vorbis: bf7c407c2cedff20999df2af8eb42d56 -> 
  custom:video-encoder-webm-vp8: eb34c28f22e8b96e1ab97ce403110664 -> 
  custom:container-demuxer-ogg: 62fdf1f143b41e24485cea50d1cbac27 -> 
  custom:framework-win-MediaFoundation: 216162199b28c13a410421893ffa2e32 -> 
  custom:video-decoder-ogg-theora: a1e56fd34408186e4bbccfd4996cb3dc -> 
  custom:container-muxer-webm: aa71ff27fc2769a1b78a27578f13a17b -> 
  custom:CustomObjectIndexerAttribute: 756ad292c208cfabdd7b50bc23989ffe -> 
  custom:container-demuxer-webm: 4f35f7cbe854078d1ac9338744f61a02 -> 
========================================================================
Received Prepare
Refreshing native plugins compatible for Editor in 1.15 ms, found 3 plugins.
Preloading 0 native plugins for Editor in 0.00 ms.
Unloading 1 Unused Serialized files (Serialized files now loaded: 0)
Unloading 1 unused Assets / (2.9 KB). Loaded Objects now: 3699.
Memory consumption went from 146.8 MB to 146.8 MB.
Total: 3.954500 ms (FindLiveObjects: 0.227700 ms CreateObjectMapping: 0.194300 ms MarkObjects: 3.515500 ms  DeleteObjects: 0.016100 ms)

Prepare: number of updated asset objects reloaded= 0
AssetImportParameters requested are different than current active one (requested -> active):
  custom:video-decoder-webm-vp8: 9c59270c3fd7afecdb556c50c9e8de78 -> 
  custom:SearchIndexIgnoredProperties: e643bd26f0fe6173181afceb89e7c659 -> 
  custom:audio-encoder-webm-vorbis: bf7c407c2cedff20999df2af8eb42d56 -> 
  custom:AudioImporter_EditorPlatform: d09bf68614088b80899f8185d706f6e7 -> 
  custom:audio-decoder-ogg-vorbis: bf7c407c2cedff20999df2af8eb42d56 -> 
  custom:video-encoder-webm-vp8: eb34c28f22e8b96e1ab97ce403110664 -> 
  custom:container-demuxer-ogg: 62fdf1f143b41e24485cea50d1cbac27 -> 
  custom:framework-win-MediaFoundation: 216162199b28c13a410421893ffa2e32 -> 
  custom:video-decoder-ogg-theora: a1e56fd34408186e4bbccfd4996cb3dc -> 
  custom:container-muxer-webm: aa71ff27fc2769a1b78a27578f13a17b -> 
  custom:CustomObjectIndexerAttribute: 756ad292c208cfabdd7b50bc23989ffe -> 
  custom:container-demuxer-webm: 4f35f7cbe854078d1ac9338744f61a02 -> 
========================================================================
Received Import Request.
  Time since last request: 36099.592772 seconds.
  path: Assets/SlugGlove Flying Assets/Player Controls [ReadMe].txt
  artifactKey: Guid(cf50ed312b69e6d46a9bb09ed964939d) Importer(815301076,1909f56bfc062723c751e8b465ee728b)
Start importing Assets/SlugGlove Flying Assets/Player Controls [ReadMe].txt using Guid(cf50ed312b69e6d46a9bb09ed964939d) Importer(815301076,1909f56bfc062723c751e8b465ee728b)  -> (artifact id: 'fa2f71ce9e34716e94be00fba4d7f381') in 0.015444 seconds
Number of updated asset objects reloaded before import = 0
Number of asset objects unloaded after import = 1
========================================================================
Received Import Request.
  Time since last request: 14.009811 seconds.
  path: Assets/SlugGlove Flying Assets/UI
  artifactKey: Guid(4dd156965b2cd91448e28042e2f56a39) Importer(815301076,1909f56bfc062723c751e8b465ee728b)
Start importing Assets/SlugGlove Flying Assets/UI using Guid(4dd156965b2cd91448e28042e2f56a39) Importer(815301076,1909f56bfc062723c751e8b465ee728b)  -> (artifact id: '0fcb4110ccb021fd0f0de471ca51da03') in 0.000323 seconds
Number of updated asset objects reloaded before import = 0
Number of asset objects unloaded after import = 0
========================================================================
Received Import Request.
  Time since last request: 0.072641 seconds.
  path: Assets/SlugGlove Flying Assets/UI/Black_BarHandle.png
  artifactKey: Guid(669c25e520b74bd4290f4082935093c4) Importer(815301076,1909f56bfc062723c751e8b465ee728b)
Start importing Assets/SlugGlove Flying Assets/UI/Black_BarHandle.png using Guid(669c25e520b74bd4290f4082935093c4) Importer(815301076,1909f56bfc062723c751e8b465ee728b)  -> (artifact id: 'c47c5722e68a43e1f314ec73a498c4d3') in 0.073291 seconds
Number of updated asset objects reloaded before import = 0
Number of asset objects unloaded after import = 3
========================================================================
Received Import Request.
  Time since last request: 0.000012 seconds.
  path: Assets/SlugGlove Flying Assets/UI/UI_WeaponHandle2.png
  artifactKey: Guid(97ec22077e0759f438f40e1c37070ea5) Importer(815301076,1909f56bfc062723c751e8b465ee728b)
Start importing Assets/SlugGlove Flying Assets/UI/UI_WeaponHandle2.png using Guid(97ec22077e0759f438f40e1c37070ea5) Importer(815301076,1909f56bfc062723c751e8b465ee728b)  -> (artifact id: '9b9be9d401aba6a28dcea95a0638756d') in 0.007711 seconds
Number of updated asset objects reloaded before import = 0
Number of asset objects unloaded after import = 3
========================================================================
Received Import Request.
  Time since last request: 2.084859 seconds.
  path: Assets/SlugGlove Flying Assets/Texture
  artifactKey: Guid(8a6afc72d85a2c6438d030c5ca6b4d3a) Importer(815301076,1909f56bfc062723c751e8b465ee728b)
Start importing Assets/SlugGlove Flying Assets/Texture using Guid(8a6afc72d85a2c6438d030c5ca6b4d3a) Importer(815301076,1909f56bfc062723c751e8b465ee728b)  -> (artifact id: '7140eb5b755e5ba1f84bdc565dd5d83f') in 0.000365 seconds
Number of updated asset objects reloaded before import = 0
Number of asset objects unloaded after import = 0
========================================================================
Received Import Request.
  Time since last request: 0.080322 seconds.
  path: Assets/SlugGlove Flying Assets/Texture/Gem Vegetables Tex.png
  artifactKey: Guid(0f470772f58b00643b9b299511b36831) Importer(815301076,1909f56bfc062723c751e8b465ee728b)
Start importing Assets/SlugGlove Flying Assets/Texture/Gem Vegetables Tex.png using Guid(0f470772f58b00643b9b299511b36831) Importer(815301076,1909f56bfc062723c751e8b465ee728b)  -> (artifact id: '61dd3dbcd6381925f7b5dd58dfd158e7') in 0.005277 seconds
Number of updated asset objects reloaded before import = 0
Number of asset objects unloaded after import = 2
========================================================================
Received Import Request.
  Time since last request: 3.162509 seconds.
  path: Assets/SlugGlove Flying Assets/Scenes/SampleScene 1.unity
  artifactKey: Guid(9f236e13fd93d62449bb2d2b79616fa8) Importer(815301076,1909f56bfc062723c751e8b465ee728b)
Start importing Assets/SlugGlove Flying Assets/Scenes/SampleScene 1.unity using Guid(9f236e13fd93d62449bb2d2b79616fa8) Importer(815301076,1909f56bfc062723c751e8b465ee728b)  -> (artifact id: '1d0418f24dc38be82e0b8bb7c54d844d') in 0.000406 seconds
Number of updated asset objects reloaded before import = 0
Number of asset objects unloaded after import = 0
========================================================================
Received Import Request.
  Time since last request: 2.075693 seconds.
  path: Assets/Polytope Studio/Lowpoly_Demos/Environment_Free/Environment_Free.unity
  artifactKey: Guid(c732593fe76e5a84197f9cd13963f706) Importer(2089858483,0ecaa5967403d082aa24f35e1b516d23)
Start importing Assets/Polytope Studio/Lowpoly_Demos/Environment_Free/Environment_Free.unity using Guid(c732593fe76e5a84197f9cd13963f706) Importer(2089858483,0ecaa5967403d082aa24f35e1b516d23) Generated GUIDs only implemented for interfaces!
 -> (artifact id: '40a4fc95ac26b86fed36e63b0dd2db0d') in 0.060761 seconds
Number of updated asset objects reloaded before import = 0
Number of asset objects unloaded after import = 1
========================================================================
Received Prepare
Begin MonoManager ReloadAssembly
C:\build\output\Unity-Technologies\mono\mono\metadata\icall.c:1842:
C:\build\output\Unity-Technologies\mono\mono\metadata\icall.c:1842:
C:\build\output\Unity-Technologies\mono\mono\metadata\icall.c:1842:
C:\build\output\Unity-Technologies\mono\mono\metadata\icall.c:1842:
C:\build\output\Unity-Technologies\mono\mono\metadata\icall.c:1842:
C:\build\output\Unity-Technologies\mono\mono\metadata\icall.c:1842:
C:\build\output\Unity-Technologies\mono\mono\metadata\icall.c:1842:
C:\build\output\Unity-Technologies\mono\mono\metadata\icall.c:1842:
C:\build\output\Unity-Technologies\mono\mono\metadata\icall.c:1842:
C:\build\output\Unity-Technologies\mono\mono\metadata\icall.c:1842:
C:\build\output\Unity-Technologies\mono\mono\metadata\icall.c:1842:
C:\build\output\Unity-Technologies\mono\mono\metadata\icall.c:1842:
Symbol file LoadedFromMemory doesn't match image D:\unity\Thesis project\Library\PackageCache\com.unity.visualscripting@1.8.0\Editor\VisualScripting.Core\Dependencies\YamlDotNet\Unity.VisualScripting.YamlDotNet.dll
Symbol file LoadedFromMemory doesn't match image D:\unity\Thesis project\Library\PackageCache\com.unity.visualscripting@1.8.0\Editor\VisualScripting.Core\Dependencies\DotNetZip\Unity.VisualScripting.IonicZip.dll
- Loaded All Assemblies, in  0.731 seconds
Refreshing native plugins compatible for Editor in 1.52 ms, found 3 plugins.
Native extension for WindowsStandalone target not found
Native extension for WebGL target not found
Mono: successfully reloaded assembly
- Finished resetting the current domain, in  0.959 seconds
Domain Reload Profiling: 1689ms
	BeginReloadAssembly (182ms)
		ExecutionOrderSort (0ms)
		DisableScriptedObjects (5ms)
		BackupInstance (0ms)
		ReleaseScriptingObjects (0ms)
		CreateAndSetChildDomain (45ms)
	RebuildCommonClasses (40ms)
	RebuildNativeTypeToScriptingClass (15ms)
	initialDomainReloadingComplete (25ms)
	LoadAllAssembliesAndSetupDomain (469ms)
		LoadAssemblies (263ms)
		RebuildTransferFunctionScriptingTraits (0ms)
		AnalyzeDomain (306ms)
			TypeCache.Refresh (299ms)
				TypeCache.ScanAssembly (289ms)
			ScanForSourceGeneratedMonoScriptInfo (0ms)
			ResolveRequiredComponents (6ms)
	FinalizeReload (959ms)
		ReleaseScriptCaches (0ms)
		RebuildScriptCaches (0ms)
		SetupLoadedEditorAssemblies (558ms)
			LogAssemblyErrors (0ms)
			InitializePlatformSupportModulesInManaged (6ms)
			SetLoadedEditorAssemblies (3ms)
			BeforeProcessingInitializeOnLoad (70ms)
			ProcessInitializeOnLoadAttributes (455ms)
			ProcessInitializeOnLoadMethodAttributes (22ms)
			AfterProcessingInitializeOnLoad (2ms)
			EditorAssembliesLoaded (0ms)
		ExecutionOrderSort2 (0ms)
		AwakeInstancesAfterBackupRestoration (9ms)
Refreshing native plugins compatible for Editor in 1.47 ms, found 3 plugins.
Preloading 0 native plugins for Editor in 0.00 ms.
Unloading 3112 Unused Serialized files (Serialized files now loaded: 0)
Unloading 21 unused Assets / (30.4 KB). Loaded Objects now: 3712.
Memory consumption went from 195.3 MB to 195.3 MB.
Total: 4.185500 ms (FindLiveObjects: 0.215000 ms CreateObjectMapping: 0.275200 ms MarkObjects: 3.656300 ms  DeleteObjects: 0.038200 ms)

Prepare: number of updated asset objects reloaded= 0
AssetImportParameters requested are different than current active one (requested -> active):
  custom:video-decoder-webm-vp8: 9c59270c3fd7afecdb556c50c9e8de78 -> 
  custom:SearchIndexIgnoredProperties: e643bd26f0fe6173181afceb89e7c659 -> 
  custom:audio-encoder-webm-vorbis: bf7c407c2cedff20999df2af8eb42d56 -> 
  custom:AudioImporter_EditorPlatform: d09bf68614088b80899f8185d706f6e7 -> 
  custom:audio-decoder-ogg-vorbis: bf7c407c2cedff20999df2af8eb42d56 -> 
  custom:video-encoder-webm-vp8: eb34c28f22e8b96e1ab97ce403110664 -> 
  custom:container-demuxer-ogg: 62fdf1f143b41e24485cea50d1cbac27 -> 
  custom:framework-win-MediaFoundation: 216162199b28c13a410421893ffa2e32 -> 
  custom:video-decoder-ogg-theora: a1e56fd34408186e4bbccfd4996cb3dc -> 
  custom:container-muxer-webm: aa71ff27fc2769a1b78a27578f13a17b -> 
  custom:CustomObjectIndexerAttribute: 756ad292c208cfabdd7b50bc23989ffe -> 
  custom:container-demuxer-webm: 4f35f7cbe854078d1ac9338744f61a02 -> 
========================================================================
Received Prepare
Begin MonoManager ReloadAssembly
C:\build\output\Unity-Technologies\mono\mono\metadata\icall.c:1842:
C:\build\output\Unity-Technologies\mono\mono\metadata\icall.c:1842:
C:\build\output\Unity-Technologies\mono\mono\metadata\icall.c:1842:
C:\build\output\Unity-Technologies\mono\mono\metadata\icall.c:1842:
C:\build\output\Unity-Technologies\mono\mono\metadata\icall.c:1842:
C:\build\output\Unity-Technologies\mono\mono\metadata\icall.c:1842:
C:\build\output\Unity-Technologies\mono\mono\metadata\icall.c:1842:
C:\build\output\Unity-Technologies\mono\mono\metadata\icall.c:1842:
C:\build\output\Unity-Technologies\mono\mono\metadata\icall.c:1842:
C:\build\output\Unity-Technologies\mono\mono\metadata\icall.c:1842:
C:\build\output\Unity-Technologies\mono\mono\metadata\icall.c:1842:
C:\build\output\Unity-Technologies\mono\mono\metadata\icall.c:1842:
Symbol file LoadedFromMemory doesn't match image D:\unity\Thesis project\Library\PackageCache\com.unity.visualscripting@1.8.0\Editor\VisualScripting.Core\Dependencies\YamlDotNet\Unity.VisualScripting.YamlDotNet.dll
Symbol file LoadedFromMemory doesn't match image D:\unity\Thesis project\Library\PackageCache\com.unity.visualscripting@1.8.0\Editor\VisualScripting.Core\Dependencies\DotNetZip\Unity.VisualScripting.IonicZip.dll
- Loaded All Assemblies, in  0.714 seconds
Refreshing native plugins compatible for Editor in 1.42 ms, found 3 plugins.
Native extension for WindowsStandalone target not found
Native extension for WebGL target not found
Mono: successfully reloaded assembly
- Finished resetting the current domain, in  0.989 seconds
Domain Reload Profiling: 1703ms
	BeginReloadAssembly (173ms)
		ExecutionOrderSort (0ms)
		DisableScriptedObjects (5ms)
		BackupInstance (0ms)
		ReleaseScriptingObjects (0ms)
		CreateAndSetChildDomain (41ms)
	RebuildCommonClasses (38ms)
	RebuildNativeTypeToScriptingClass (14ms)
	initialDomainReloadingComplete (21ms)
	LoadAllAssembliesAndSetupDomain (467ms)
		LoadAssemblies (259ms)
		RebuildTransferFunctionScriptingTraits (0ms)
		AnalyzeDomain (302ms)
			TypeCache.Refresh (297ms)
				TypeCache.ScanAssembly (286ms)
			ScanForSourceGeneratedMonoScriptInfo (0ms)
			ResolveRequiredComponents (5ms)
	FinalizeReload (989ms)
		ReleaseScriptCaches (0ms)
		RebuildScriptCaches (0ms)
		SetupLoadedEditorAssemblies (571ms)
			LogAssemblyErrors (0ms)
			InitializePlatformSupportModulesInManaged (7ms)
			SetLoadedEditorAssemblies (4ms)
			BeforeProcessingInitializeOnLoad (81ms)
			ProcessInitializeOnLoadAttributes (456ms)
			ProcessInitializeOnLoadMethodAttributes (21ms)
			AfterProcessingInitializeOnLoad (2ms)
			EditorAssembliesLoaded (0ms)
		ExecutionOrderSort2 (0ms)
		AwakeInstancesAfterBackupRestoration (8ms)
Refreshing native plugins compatible for Editor in 1.72 ms, found 3 plugins.
Preloading 0 native plugins for Editor in 0.00 ms.
Unloading 3113 Unused Serialized files (Serialized files now loaded: 0)
Unloading 21 unused Assets / (30.5 KB). Loaded Objects now: 3716.
Memory consumption went from 196.6 MB to 196.6 MB.
Total: 5.147000 ms (FindLiveObjects: 0.263200 ms CreateObjectMapping: 0.263900 ms MarkObjects: 4.566600 ms  DeleteObjects: 0.052200 ms)

Prepare: number of updated asset objects reloaded= 0
AssetImportParameters requested are different than current active one (requested -> active):
  custom:video-decoder-webm-vp8: 9c59270c3fd7afecdb556c50c9e8de78 -> 
  custom:SearchIndexIgnoredProperties: e643bd26f0fe6173181afceb89e7c659 -> 
  custom:audio-encoder-webm-vorbis: bf7c407c2cedff20999df2af8eb42d56 -> 
  custom:AudioImporter_EditorPlatform: d09bf68614088b80899f8185d706f6e7 -> 
  custom:audio-decoder-ogg-vorbis: bf7c407c2cedff20999df2af8eb42d56 -> 
  custom:video-encoder-webm-vp8: eb34c28f22e8b96e1ab97ce403110664 -> 
  custom:container-demuxer-ogg: 62fdf1f143b41e24485cea50d1cbac27 -> 
  custom:framework-win-MediaFoundation: 216162199b28c13a410421893ffa2e32 -> 
  custom:video-decoder-ogg-theora: a1e56fd34408186e4bbccfd4996cb3dc -> 
  custom:container-muxer-webm: aa71ff27fc2769a1b78a27578f13a17b -> 
  custom:CustomObjectIndexerAttribute: 756ad292c208cfabdd7b50bc23989ffe -> 
  custom:container-demuxer-webm: 4f35f7cbe854078d1ac9338744f61a02 -> 
========================================================================
Received Prepare
Begin MonoManager ReloadAssembly
C:\build\output\Unity-Technologies\mono\mono\metadata\icall.c:1842:
C:\build\output\Unity-Technologies\mono\mono\metadata\icall.c:1842:
C:\build\output\Unity-Technologies\mono\mono\metadata\icall.c:1842:
C:\build\output\Unity-Technologies\mono\mono\metadata\icall.c:1842:
C:\build\output\Unity-Technologies\mono\mono\metadata\icall.c:1842:
C:\build\output\Unity-Technologies\mono\mono\metadata\icall.c:1842:
C:\build\output\Unity-Technologies\mono\mono\metadata\icall.c:1842:
C:\build\output\Unity-Technologies\mono\mono\metadata\icall.c:1842:
C:\build\output\Unity-Technologies\mono\mono\metadata\icall.c:1842:
C:\build\output\Unity-Technologies\mono\mono\metadata\icall.c:1842:
C:\build\output\Unity-Technologies\mono\mono\metadata\icall.c:1842:
C:\build\output\Unity-Technologies\mono\mono\metadata\icall.c:1842:
Symbol file LoadedFromMemory doesn't match image D:\unity\Thesis project\Library\PackageCache\com.unity.visualscripting@1.8.0\Editor\VisualScripting.Core\Dependencies\YamlDotNet\Unity.VisualScripting.YamlDotNet.dll
Symbol file LoadedFromMemory doesn't match image D:\unity\Thesis project\Library\PackageCache\com.unity.visualscripting@1.8.0\Editor\VisualScripting.Core\Dependencies\DotNetZip\Unity.VisualScripting.IonicZip.dll
- Loaded All Assemblies, in  0.714 seconds
Refreshing native plugins compatible for Editor in 1.42 ms, found 3 plugins.
Native extension for WindowsStandalone target not found
Native extension for WebGL target not found
Mono: successfully reloaded assembly
- Finished resetting the current domain, in  0.956 seconds
Domain Reload Profiling: 1671ms
	BeginReloadAssembly (177ms)
		ExecutionOrderSort (0ms)
		DisableScriptedObjects (5ms)
		BackupInstance (0ms)
		ReleaseScriptingObjects (0ms)
		CreateAndSetChildDomain (42ms)
	RebuildCommonClasses (36ms)
	RebuildNativeTypeToScriptingClass (14ms)
	initialDomainReloadingComplete (22ms)
	LoadAllAssembliesAndSetupDomain (464ms)
		LoadAssemblies (260ms)
		RebuildTransferFunctionScriptingTraits (0ms)
		AnalyzeDomain (301ms)
			TypeCache.Refresh (295ms)
				TypeCache.ScanAssembly (283ms)
			ScanForSourceGeneratedMonoScriptInfo (0ms)
			ResolveRequiredComponents (6ms)
	FinalizeReload (957ms)
		ReleaseScriptCaches (0ms)
		RebuildScriptCaches (0ms)
		SetupLoadedEditorAssemblies (540ms)
			LogAssemblyErrors (0ms)
			InitializePlatformSupportModulesInManaged (7ms)
			SetLoadedEditorAssemblies (3ms)
			BeforeProcessingInitializeOnLoad (72ms)
			ProcessInitializeOnLoadAttributes (435ms)
			ProcessInitializeOnLoadMethodAttributes (22ms)
			AfterProcessingInitializeOnLoad (2ms)
			EditorAssembliesLoaded (0ms)
		ExecutionOrderSort2 (0ms)
		AwakeInstancesAfterBackupRestoration (9ms)
Refreshing native plugins compatible for Editor in 1.45 ms, found 3 plugins.
Preloading 0 native plugins for Editor in 0.00 ms.
Unloading 3113 Unused Serialized files (Serialized files now loaded: 0)
Unloading 21 unused Assets / (30.5 KB). Loaded Objects now: 3720.
Memory consumption went from 197.7 MB to 197.6 MB.
Total: 5.147800 ms (FindLiveObjects: 0.249000 ms CreateObjectMapping: 0.415100 ms MarkObjects: 4.405600 ms  DeleteObjects: 0.076800 ms)

Prepare: number of updated asset objects reloaded= 0
AssetImportParameters requested are different than current active one (requested -> active):
  custom:video-decoder-webm-vp8: 9c59270c3fd7afecdb556c50c9e8de78 -> 
  custom:SearchIndexIgnoredProperties: e643bd26f0fe6173181afceb89e7c659 -> 
  custom:audio-encoder-webm-vorbis: bf7c407c2cedff20999df2af8eb42d56 -> 
  custom:AudioImporter_EditorPlatform: d09bf68614088b80899f8185d706f6e7 -> 
  custom:audio-decoder-ogg-vorbis: bf7c407c2cedff20999df2af8eb42d56 -> 
  custom:video-encoder-webm-vp8: eb34c28f22e8b96e1ab97ce403110664 -> 
  custom:container-demuxer-ogg: 62fdf1f143b41e24485cea50d1cbac27 -> 
  custom:framework-win-MediaFoundation: 216162199b28c13a410421893ffa2e32 -> 
  custom:video-decoder-ogg-theora: a1e56fd34408186e4bbccfd4996cb3dc -> 
  custom:container-muxer-webm: aa71ff27fc2769a1b78a27578f13a17b -> 
  custom:CustomObjectIndexerAttribute: 756ad292c208cfabdd7b50bc23989ffe -> 
  custom:container-demuxer-webm: 4f35f7cbe854078d1ac9338744f61a02 -> 
========================================================================
Received Import Request.
  Time since last request: 653.969967 seconds.
  path: Assets/Game sence1
  artifactKey: Guid(33d0e50ee01287a43b477627c4a9d40b) Importer(815301076,1909f56bfc062723c751e8b465ee728b)
Start importing Assets/Game sence1 using Guid(33d0e50ee01287a43b477627c4a9d40b) Importer(815301076,1909f56bfc062723c751e8b465ee728b)  -> (artifact id: 'af3db859ff9acbf8eedee86925693da4') in 0.010903 seconds
Number of updated asset objects reloaded before import = 0
Number of asset objects unloaded after import = 0
========================================================================
Received Import Request.
  Time since last request: 6.131569 seconds.
  path: Assets/Game sence1/Environment_Free.unity
  artifactKey: Guid(c732593fe76e5a84197f9cd13963f706) Importer(815301076,1909f56bfc062723c751e8b465ee728b)
Start importing Assets/Game sence1/Environment_Free.unity using Guid(c732593fe76e5a84197f9cd13963f706) Importer(815301076,1909f56bfc062723c751e8b465ee728b)  -> (artifact id: '223c19c94807b57229bdfd557b7da368') in 0.000377 seconds
Number of updated asset objects reloaded before import = 0
Number of asset objects unloaded after import = 0
========================================================================
Received Import Request.
  Time since last request: 78.819671 seconds.
  path: Assets/Polytope Studio/Lowpoly_Environments/Prefabs/Flowers/PT_Poppy_02.prefab
  artifactKey: Guid(2b66385ecc3e6b34e82ee78058e90aea) Importer(815301076,1909f56bfc062723c751e8b465ee728b)
Start importing Assets/Polytope Studio/Lowpoly_Environments/Prefabs/Flowers/PT_Poppy_02.prefab using Guid(2b66385ecc3e6b34e82ee78058e90aea) Importer(815301076,1909f56bfc062723c751e8b465ee728b)  -> (artifact id: '6faf5b49fe6063af9f7dae9d77ae05b1') in 0.461963 seconds
Number of updated asset objects reloaded before import = 0
Number of asset objects unloaded after import = 22
========================================================================
Received Import Request.
  Time since last request: 0.000015 seconds.
  path: Assets/Polytope Studio/Lowpoly_Environments/Prefabs/Rocks/PT_Ore_Rock_01_split.prefab
  artifactKey: Guid(08dc6dea988fc6d4db0c50c111bd77dc) Importer(815301076,1909f56bfc062723c751e8b465ee728b)
Start importing Assets/Polytope Studio/Lowpoly_Environments/Prefabs/Rocks/PT_Ore_Rock_01_split.prefab using Guid(08dc6dea988fc6d4db0c50c111bd77dc) Importer(815301076,1909f56bfc062723c751e8b465ee728b)  -> (artifact id: 'd3e62b2f05d665944a5656f4f30d6e71') in 0.669069 seconds
Number of updated asset objects reloaded before import = 0
Number of asset objects unloaded after import = 23
========================================================================
Received Prepare
Begin MonoManager ReloadAssembly
C:\build\output\Unity-Technologies\mono\mono\metadata\icall.c:1842:
C:\build\output\Unity-Technologies\mono\mono\metadata\icall.c:1842:
C:\build\output\Unity-Technologies\mono\mono\metadata\icall.c:1842:
C:\build\output\Unity-Technologies\mono\mono\metadata\icall.c:1842:
C:\build\output\Unity-Technologies\mono\mono\metadata\icall.c:1842:
C:\build\output\Unity-Technologies\mono\mono\metadata\icall.c:1842:
C:\build\output\Unity-Technologies\mono\mono\metadata\icall.c:1842:
C:\build\output\Unity-Technologies\mono\mono\metadata\icall.c:1842:
C:\build\output\Unity-Technologies\mono\mono\metadata\icall.c:1842:
C:\build\output\Unity-Technologies\mono\mono\metadata\icall.c:1842:
C:\build\output\Unity-Technologies\mono\mono\metadata\icall.c:1842:
C:\build\output\Unity-Technologies\mono\mono\metadata\icall.c:1842:
Symbol file LoadedFromMemory doesn't match image D:\unity\Thesis project\Library\PackageCache\com.unity.visualscripting@1.8.0\Editor\VisualScripting.Core\Dependencies\YamlDotNet\Unity.VisualScripting.YamlDotNet.dll
Symbol file LoadedFromMemory doesn't match image D:\unity\Thesis project\Library\PackageCache\com.unity.visualscripting@1.8.0\Editor\VisualScripting.Core\Dependencies\DotNetZip\Unity.VisualScripting.IonicZip.dll
- Loaded All Assemblies, in  0.794 seconds
Refreshing native plugins compatible for Editor in 1.19 ms, found 3 plugins.
Native extension for WindowsStandalone target not found
Native extension for WebGL target not found
Mono: successfully reloaded assembly
- Finished resetting the current domain, in  1.038 seconds
Domain Reload Profiling: 1832ms
	BeginReloadAssembly (187ms)
		ExecutionOrderSort (0ms)
		DisableScriptedObjects (7ms)
		BackupInstance (0ms)
		ReleaseScriptingObjects (0ms)
		CreateAndSetChildDomain (53ms)
	RebuildCommonClasses (37ms)
	RebuildNativeTypeToScriptingClass (15ms)
	initialDomainReloadingComplete (26ms)
	LoadAllAssembliesAndSetupDomain (528ms)
		LoadAssemblies (307ms)
		RebuildTransferFunctionScriptingTraits (0ms)
		AnalyzeDomain (315ms)
			TypeCache.Refresh (309ms)
				TypeCache.ScanAssembly (298ms)
			ScanForSourceGeneratedMonoScriptInfo (0ms)
			ResolveRequiredComponents (5ms)
	FinalizeReload (1039ms)
		ReleaseScriptCaches (0ms)
		RebuildScriptCaches (0ms)
		SetupLoadedEditorAssemblies (609ms)
			LogAssemblyErrors (0ms)
			InitializePlatformSupportModulesInManaged (11ms)
			SetLoadedEditorAssemblies (5ms)
			BeforeProcessingInitializeOnLoad (93ms)
			ProcessInitializeOnLoadAttributes (476ms)
			ProcessInitializeOnLoadMethodAttributes (21ms)
			AfterProcessingInitializeOnLoad (3ms)
			EditorAssembliesLoaded (0ms)
		ExecutionOrderSort2 (0ms)
		AwakeInstancesAfterBackupRestoration (9ms)
Refreshing native plugins compatible for Editor in 1.30 ms, found 3 plugins.
Preloading 0 native plugins for Editor in 0.00 ms.
Unloading 3112 Unused Serialized files (Serialized files now loaded: 0)
Unloading 21 unused Assets / (30.5 KB). Loaded Objects now: 3729.
Memory consumption went from 198.5 MB to 198.5 MB.
Total: 4.347600 ms (FindLiveObjects: 0.201100 ms CreateObjectMapping: 0.186900 ms MarkObjects: 3.922600 ms  DeleteObjects: 0.036300 ms)

Prepare: number of updated asset objects reloaded= 0
AssetImportParameters requested are different than current active one (requested -> active):
  custom:video-decoder-webm-vp8: 9c59270c3fd7afecdb556c50c9e8de78 -> 
  custom:SearchIndexIgnoredProperties: e643bd26f0fe6173181afceb89e7c659 -> 
  custom:audio-encoder-webm-vorbis: bf7c407c2cedff20999df2af8eb42d56 -> 
  custom:AudioImporter_EditorPlatform: d09bf68614088b80899f8185d706f6e7 -> 
  custom:audio-decoder-ogg-vorbis: bf7c407c2cedff20999df2af8eb42d56 -> 
  custom:video-encoder-webm-vp8: eb34c28f22e8b96e1ab97ce403110664 -> 
  custom:container-demuxer-ogg: 62fdf1f143b41e24485cea50d1cbac27 -> 
  custom:framework-win-MediaFoundation: 216162199b28c13a410421893ffa2e32 -> 
  custom:video-decoder-ogg-theora: a1e56fd34408186e4bbccfd4996cb3dc -> 
  custom:container-muxer-webm: aa71ff27fc2769a1b78a27578f13a17b -> 
  custom:CustomObjectIndexerAttribute: 756ad292c208cfabdd7b50bc23989ffe -> 
  custom:container-demuxer-webm: 4f35f7cbe854078d1ac9338744f61a02 -> 
========================================================================
Received Import Request.
  Time since last request: 687.871161 seconds.
  path: Assets/SlugGlove Flying Assets/PhysicsMat
  artifactKey: Guid(19026eef29480a04a99b7d15dc66cea7) Importer(815301076,1909f56bfc062723c751e8b465ee728b)
Start importing Assets/SlugGlove Flying Assets/PhysicsMat using Guid(19026eef29480a04a99b7d15dc66cea7) Importer(815301076,1909f56bfc062723c751e8b465ee728b)  -> (artifact id: 'a4f2a730b5416f0c9eb60ec6cd2c8616') in 0.004453 seconds
Number of updated asset objects reloaded before import = 0
Number of asset objects unloaded after import = 0
========================================================================
Received Import Request.
  Time since last request: 0.054477 seconds.
  path: Assets/SlugGlove Flying Assets/PhysicsMat/Player.physicMaterial
  artifactKey: Guid(602fa52aa4f4e0b4bb03daed16d429d1) Importer(815301076,1909f56bfc062723c751e8b465ee728b)
Start importing Assets/SlugGlove Flying Assets/PhysicsMat/Player.physicMaterial using Guid(602fa52aa4f4e0b4bb03daed16d429d1) Importer(815301076,1909f56bfc062723c751e8b465ee728b)  -> (artifact id: 'ee8fb30bc0c15e77a1b80efa244b9d37') in 0.010252 seconds
Number of updated asset objects reloaded before import = 0
Number of asset objects unloaded after import = 1
========================================================================
Received Import Request.
  Time since last request: 2.280564 seconds.
  path: Assets/SlugGlove Flying Assets/Prefab/Effects
  artifactKey: Guid(2b1c739933f8d464db4c53ab54538133) Importer(815301076,1909f56bfc062723c751e8b465ee728b)
Start importing Assets/SlugGlove Flying Assets/Prefab/Effects using Guid(2b1c739933f8d464db4c53ab54538133) Importer(815301076,1909f56bfc062723c751e8b465ee728b)  -> (artifact id: '8b3c49fe52a790a974328c3e0ecbddc9') in 0.000425 seconds
Number of updated asset objects reloaded before import = 0
Number of asset objects unloaded after import = 0
========================================================================
Received Import Request.
  Time since last request: 3.834852 seconds.
  path: Assets/SlugGlove Flying Assets/Animation
  artifactKey: Guid(020ce9adf31480443952edff4d747408) Importer(815301076,1909f56bfc062723c751e8b465ee728b)
Start importing Assets/SlugGlove Flying Assets/Animation using Guid(020ce9adf31480443952edff4d747408) Importer(815301076,1909f56bfc062723c751e8b465ee728b)  -> (artifact id: 'f011ee3cc461d034917be3e77f58b7fe') in 0.000358 seconds
Number of updated asset objects reloaded before import = 0
Number of asset objects unloaded after import = 0
========================================================================
Received Import Request.
  Time since last request: 1.502460 seconds.
  path: Assets/SlugGlove Flying Assets/Material
  artifactKey: Guid(f8df49770d0faf84fb7bd27efe73d25e) Importer(815301076,1909f56bfc062723c751e8b465ee728b)
Start importing Assets/SlugGlove Flying Assets/Material using Guid(f8df49770d0faf84fb7bd27efe73d25e) Importer(815301076,1909f56bfc062723c751e8b465ee728b)  -> (artifact id: '4f149aa23e29549e7c7fbfb532f92c28') in 0.000369 seconds
Number of updated asset objects reloaded before import = 0
Number of asset objects unloaded after import = 0
========================================================================
Received Import Request.
  Time since last request: 0.065496 seconds.
  path: Assets/SlugGlove Flying Assets/Material/Boost Ring.mat
  artifactKey: Guid(ecee84d78cddd64459b8b2baf4712306) Importer(815301076,1909f56bfc062723c751e8b465ee728b)
Start importing Assets/SlugGlove Flying Assets/Material/Boost Ring.mat using Guid(ecee84d78cddd64459b8b2baf4712306) Importer(815301076,1909f56bfc062723c751e8b465ee728b)  -> (artifact id: '1594d0d9fde2493ad3c85aa1cfcbcf95') in 0.091797 seconds
Number of updated asset objects reloaded before import = 0
Number of asset objects unloaded after import = 2
========================================================================
Received Import Request.
  Time since last request: 0.000017 seconds.
  path: Assets/SlugGlove Flying Assets/Material/Grid 4.mat
  artifactKey: Guid(0741061c26bbc1648ac0216d309160aa) Importer(815301076,1909f56bfc062723c751e8b465ee728b)
Start importing Assets/SlugGlove Flying Assets/Material/Grid 4.mat using Guid(0741061c26bbc1648ac0216d309160aa) Importer(815301076,1909f56bfc062723c751e8b465ee728b)  -> (artifact id: '6a3516725a9047a37601d636260444e4') in 0.008601 seconds
Number of updated asset objects reloaded before import = 0
Number of asset objects unloaded after import = 1
========================================================================
Received Import Request.
  Time since last request: 0.000019 seconds.
  path: Assets/SlugGlove Flying Assets/Material/Grid 2.mat
  artifactKey: Guid(0ba364a02534ca348a40659dcb490cf5) Importer(815301076,1909f56bfc062723c751e8b465ee728b)
Start importing Assets/SlugGlove Flying Assets/Material/Grid 2.mat using Guid(0ba364a02534ca348a40659dcb490cf5) Importer(815301076,1909f56bfc062723c751e8b465ee728b)  -> (artifact id: '1d3f99f61d17d14a1486ecb5e0ae9bfd') in 0.006334 seconds
Number of updated asset objects reloaded before import = 0
Number of asset objects unloaded after import = 1
========================================================================
Received Import Request.
  Time since last request: 0.000090 seconds.
  path: Assets/SlugGlove Flying Assets/Material/Boost Ring 2.mat
  artifactKey: Guid(d1a8aca7cbdebc246a0198c637807e34) Importer(815301076,1909f56bfc062723c751e8b465ee728b)
Start importing Assets/SlugGlove Flying Assets/Material/Boost Ring 2.mat using Guid(d1a8aca7cbdebc246a0198c637807e34) Importer(815301076,1909f56bfc062723c751e8b465ee728b)  -> (artifact id: '6636662c961d9120b51c39282adee018') in 0.008347 seconds
Number of updated asset objects reloaded before import = 0
Number of asset objects unloaded after import = 2
========================================================================
Received Import Request.
  Time since last request: 0.000016 seconds.
  path: Assets/SlugGlove Flying Assets/Material/Grid 5.mat
  artifactKey: Guid(a70d15575f2c4ef4eb0368dc21c0e443) Importer(815301076,1909f56bfc062723c751e8b465ee728b)
Start importing Assets/SlugGlove Flying Assets/Material/Grid 5.mat using Guid(a70d15575f2c4ef4eb0368dc21c0e443) Importer(815301076,1909f56bfc062723c751e8b465ee728b)  -> (artifact id: '6c292f2fbfdf9e638a6eb044b1a4e412') in 0.006010 seconds
Number of updated asset objects reloaded before import = 0
Number of asset objects unloaded after import = 1
========================================================================
Received Import Request.
  Time since last request: 0.000050 seconds.
  path: Assets/SlugGlove Flying Assets/Material/Grid 1.mat
  artifactKey: Guid(265a23775ac13ea419cf8637dd1f59e9) Importer(815301076,1909f56bfc062723c751e8b465ee728b)
Start importing Assets/SlugGlove Flying Assets/Material/Grid 1.mat using Guid(265a23775ac13ea419cf8637dd1f59e9) Importer(815301076,1909f56bfc062723c751e8b465ee728b)  -> (artifact id: 'a8a55268cf1da72e8cac14b7741e76b7') in 0.006194 seconds
Number of updated asset objects reloaded before import = 0
Number of asset objects unloaded after import = 1
========================================================================
Received Import Request.
  Time since last request: 1.521519 seconds.
  path: Assets/SlugGlove Flying Assets/Models
  artifactKey: Guid(b2456eae1da401849917a38b63a02652) Importer(815301076,1909f56bfc062723c751e8b465ee728b)
Start importing Assets/SlugGlove Flying Assets/Models using Guid(b2456eae1da401849917a38b63a02652) Importer(815301076,1909f56bfc062723c751e8b465ee728b)  -> (artifact id: 'f76991f6b6c363b4d58f4a0f00c90832') in 0.000371 seconds
Number of updated asset objects reloaded before import = 0
Number of asset objects unloaded after import = 0
========================================================================
Received Import Request.
  Time since last request: 1.104111 seconds.
  path: Assets/SlugGlove Flying Assets/Models/Levels
  artifactKey: Guid(73e02706aac30b94a84a6fe3957daa85) Importer(815301076,1909f56bfc062723c751e8b465ee728b)
Start importing Assets/SlugGlove Flying Assets/Models/Levels using Guid(73e02706aac30b94a84a6fe3957daa85) Importer(815301076,1909f56bfc062723c751e8b465ee728b)  -> (artifact id: '528ff788deef926ec0175319a6ecd2f0') in 0.000335 seconds
Number of updated asset objects reloaded before import = 0
Number of asset objects unloaded after import = 0
========================================================================
Received Import Request.
  Time since last request: 0.043127 seconds.
  path: Assets/SlugGlove Flying Assets/Models/Levels/Grassy Tops.fbx
  artifactKey: Guid(5c6b273554b53d941b3e3bc8054376d9) Importer(815301076,1909f56bfc062723c751e8b465ee728b)
Start importing Assets/SlugGlove Flying Assets/Models/Levels/Grassy Tops.fbx using Guid(5c6b273554b53d941b3e3bc8054376d9) Importer(815301076,1909f56bfc062723c751e8b465ee728b)  -> (artifact id: '36a153fcf8e5e308c6c2b8adc657c2b1') in 0.065115 seconds
Number of updated asset objects reloaded before import = 0
Number of asset objects unloaded after import = 24
========================================================================
Received Import Request.
  Time since last request: 1.522286 seconds.
  path: Assets/SlugGlove Flying Assets/Models/Misc
  artifactKey: Guid(4f67ca85e72ba114fa6649597c89d6f7) Importer(815301076,1909f56bfc062723c751e8b465ee728b)
Start importing Assets/SlugGlove Flying Assets/Models/Misc using Guid(4f67ca85e72ba114fa6649597c89d6f7) Importer(815301076,1909f56bfc062723c751e8b465ee728b)  -> (artifact id: '6f1c482955dc45ff7bb28e3b110d42a0') in 0.000437 seconds
Number of updated asset objects reloaded before import = 0
Number of asset objects unloaded after import = 0
========================================================================
Received Import Request.
  Time since last request: 0.068563 seconds.
  path: Assets/SlugGlove Flying Assets/Models/Misc/BoostRing.fbx
  artifactKey: Guid(850b27c248699b548be42ba405e58a10) Importer(815301076,1909f56bfc062723c751e8b465ee728b)
Start importing Assets/SlugGlove Flying Assets/Models/Misc/BoostRing.fbx using Guid(850b27c248699b548be42ba405e58a10) Importer(815301076,1909f56bfc062723c751e8b465ee728b)  -> (artifact id: 'ef8895a20efe5692eedc23642c8a437d') in 0.014940 seconds
Number of updated asset objects reloaded before import = 0
Number of asset objects unloaded after import = 8
========================================================================
Received Import Request.
  Time since last request: 1.280953 seconds.
  path: Assets/SlugGlove Flying Assets/Models/Units
  artifactKey: Guid(0b8dbcc513e397945a996f2d412b3595) Importer(815301076,1909f56bfc062723c751e8b465ee728b)
Start importing Assets/SlugGlove Flying Assets/Models/Units using Guid(0b8dbcc513e397945a996f2d412b3595) Importer(815301076,1909f56bfc062723c751e8b465ee728b)  -> (artifact id: '4b3507a9823426c0c295ddf60e5dd82b') in 0.000389 seconds
Number of updated asset objects reloaded before import = 0
Number of asset objects unloaded after import = 0
========================================================================
Received Import Request.
  Time since last request: 0.071193 seconds.
  path: Assets/SlugGlove Flying Assets/Models/Units/FlyingMainCharacter.fbx
  artifactKey: Guid(7399783acb806ed4b81e6e85b5b721c6) Importer(815301076,1909f56bfc062723c751e8b465ee728b)
Start importing Assets/SlugGlove Flying Assets/Models/Units/FlyingMainCharacter.fbx using Guid(7399783acb806ed4b81e6e85b5b721c6) Importer(815301076,1909f56bfc062723c751e8b465ee728b)  -> (artifact id: 'ab66057d9ad76cf81cfac5f03c4582b5') in 0.078942 seconds
Number of updated asset objects reloaded before import = 0
Number of asset objects unloaded after import = 163
========================================================================
Received Import Request.
  Time since last request: 0.000013 seconds.
  path: Assets/SlugGlove Flying Assets/Models/Units/Wings Mask.mask
  artifactKey: Guid(8a9ae1c32c9f92840b943f917c013d93) Importer(815301076,1909f56bfc062723c751e8b465ee728b)
Start importing Assets/SlugGlove Flying Assets/Models/Units/Wings Mask.mask using Guid(8a9ae1c32c9f92840b943f917c013d93) Importer(815301076,1909f56bfc062723c751e8b465ee728b)  -> (artifact id: 'b143b3c33d4d0d31b4d8e0a8e6a0bb47') in 0.000856 seconds
Number of updated asset objects reloaded before import = 0
Number of asset objects unloaded after import = 1
========================================================================
Received Import Request.
  Time since last request: 7.966233 seconds.
  path: Assets/SlugGlove Flying Assets/Sounds
  artifactKey: Guid(a8b9755c46a11c340bdd6ec357c088b4) Importer(815301076,1909f56bfc062723c751e8b465ee728b)
Start importing Assets/SlugGlove Flying Assets/Sounds using Guid(a8b9755c46a11c340bdd6ec357c088b4) Importer(815301076,1909f56bfc062723c751e8b465ee728b)  -> (artifact id: '99bc6a140bb071d2fb5455f224a5c6ef') in 0.000334 seconds
Number of updated asset objects reloaded before import = 0
Number of asset objects unloaded after import = 0
========================================================================
Received Import Request.
  Time since last request: 0.054582 seconds.
  path: Assets/SlugGlove Flying Assets/Sounds/BoosterLight (1).wav
  artifactKey: Guid(0c439c82a716a654f8b39e7eec2750a6) Importer(815301076,1909f56bfc062723c751e8b465ee728b)
Start importing Assets/SlugGlove Flying Assets/Sounds/BoosterLight (1).wav using Guid(0c439c82a716a654f8b39e7eec2750a6) Importer(815301076,1909f56bfc062723c751e8b465ee728b)  -> (artifact id: 'dca5d6a28a32c254960a911264649dbb') in 0.024424 seconds
Number of updated asset objects reloaded before import = 0
Number of asset objects unloaded after import = 2
========================================================================
Received Import Request.
  Time since last request: 0.000017 seconds.
  path: Assets/SlugGlove Flying Assets/Sounds/FreeFallSound 1.wav
  artifactKey: Guid(34215541dca253749a2f55dc394bacf4) Importer(815301076,1909f56bfc062723c751e8b465ee728b)
Start importing Assets/SlugGlove Flying Assets/Sounds/FreeFallSound 1.wav using Guid(34215541dca253749a2f55dc394bacf4) Importer(815301076,1909f56bfc062723c751e8b465ee728b)  -> (artifact id: 'b524ce5295cab1459e00c398a9077bb7') in 0.136226 seconds
Number of updated asset objects reloaded before import = 0
Number of asset objects unloaded after import = 2
========================================================================
Received Import Request.
  Time since last request: 1.936415 seconds.
  path: Assets/SlugGlove Flying Assets/Scripts
  artifactKey: Guid(93c00607acb4ee741af26aa0d534210e) Importer(815301076,1909f56bfc062723c751e8b465ee728b)
Start importing Assets/SlugGlove Flying Assets/Scripts using Guid(93c00607acb4ee741af26aa0d534210e) Importer(815301076,1909f56bfc062723c751e8b465ee728b)  -> (artifact id: '18e4d00f3a56750354b0b8187e5c71bc') in 0.000346 seconds
Number of updated asset objects reloaded before import = 0
Number of asset objects unloaded after import = 0
========================================================================
Received Import Request.
  Time since last request: 1.210582 seconds.
  path: Assets/SlugGlove Flying Assets/Scripts/Player
  artifactKey: Guid(d240b2608ce16d54daec45995d44237c) Importer(815301076,1909f56bfc062723c751e8b465ee728b)
Start importing Assets/SlugGlove Flying Assets/Scripts/Player using Guid(d240b2608ce16d54daec45995d44237c) Importer(815301076,1909f56bfc062723c751e8b465ee728b)  -> (artifact id: '24cf2ffbbb02840c98f7ccbfb26ee4e7') in 0.000357 seconds
Number of updated asset objects reloaded before import = 0
Number of asset objects unloaded after import = 0
========================================================================
Received Import Request.
  Time since last request: 22.266846 seconds.
  path: Assets/SlugGlove Flying Assets/Prefab/Effects/DustPuff.prefab
  artifactKey: Guid(c60479e3d52a1e148bc3e9d5e1952d4c) Importer(815301076,1909f56bfc062723c751e8b465ee728b)
Start importing Assets/SlugGlove Flying Assets/Prefab/Effects/DustPuff.prefab using Guid(c60479e3d52a1e148bc3e9d5e1952d4c) Importer(815301076,1909f56bfc062723c751e8b465ee728b)  -> (artifact id: 'c8afec436e8b2294288853b356accbee') in 0.014394 seconds
Number of updated asset objects reloaded before import = 0
Number of asset objects unloaded after import = 11
========================================================================
Received Import Request.
  Time since last request: 0.000013 seconds.
  path: Assets/SlugGlove Flying Assets/Prefab/Effects/WalkingPuff.prefab
  artifactKey: Guid(fb60f6b0edc9c944e964ffdf53c122f1) Importer(815301076,1909f56bfc062723c751e8b465ee728b)
Start importing Assets/SlugGlove Flying Assets/Prefab/Effects/WalkingPuff.prefab using Guid(fb60f6b0edc9c944e964ffdf53c122f1) Importer(815301076,1909f56bfc062723c751e8b465ee728b)  -> (artifact id: 'a49d96d6e827b48dfbb33ef222f74ade') in 0.012749 seconds
Number of updated asset objects reloaded before import = 0
Number of asset objects unloaded after import = 11
========================================================================
Received Import Request.
  Time since last request: 7.603220 seconds.
  path: Assets/SlugGlove Flying Assets/Prefab/Effects/FlyingFx
  artifactKey: Guid(a77a6814b01973547b2687bdec4f8070) Importer(815301076,1909f56bfc062723c751e8b465ee728b)
Start importing Assets/SlugGlove Flying Assets/Prefab/Effects/FlyingFx using Guid(a77a6814b01973547b2687bdec4f8070) Importer(815301076,1909f56bfc062723c751e8b465ee728b)  -> (artifact id: '64fa3e61f8d85baa8d30d164cda5ddee') in 0.000400 seconds
Number of updated asset objects reloaded before import = 0
Number of asset objects unloaded after import = 0
========================================================================
Received Import Request.
  Time since last request: 0.059859 seconds.
  path: Assets/SlugGlove Flying Assets/Prefab/Effects/FlyingFx/Flying Wing Trail Fx.prefab
  artifactKey: Guid(54b9458f4a94171478d20cd3a099470d) Importer(815301076,1909f56bfc062723c751e8b465ee728b)
Start importing Assets/SlugGlove Flying Assets/Prefab/Effects/FlyingFx/Flying Wing Trail Fx.prefab using Guid(54b9458f4a94171478d20cd3a099470d) Importer(815301076,1909f56bfc062723c751e8b465ee728b)  -> (artifact id: 'eb3a88a5039ad23f2273955300bf60e2') in 0.057364 seconds
Number of updated asset objects reloaded before import = 0
Number of asset objects unloaded after import = 11
========================================================================
Received Import Request.
  Time since last request: 4.495159 seconds.
  path: Assets/SlugGlove Flying Assets/Scenes/SampleScene 1Settings.lighting
  artifactKey: Guid(1fae77b1a09818647b1dfae866c1440a) Importer(815301076,1909f56bfc062723c751e8b465ee728b)
Start importing Assets/SlugGlove Flying Assets/Scenes/SampleScene 1Settings.lighting using Guid(1fae77b1a09818647b1dfae866c1440a) Importer(815301076,1909f56bfc062723c751e8b465ee728b)  -> (artifact id: '404e4ba185666673b0177263432e0e22') in 0.000802 seconds
Number of updated asset objects reloaded before import = 0
Number of asset objects unloaded after import = 1
========================================================================
Received Import Request.
  Time since last request: 23.888976 seconds.
  path: Assets/SlugGlove Flying Assets/Material/Areas/Outline.mat
  artifactKey: Guid(a3f47cee58948e84c80e671474ff5b28) Importer(815301076,1909f56bfc062723c751e8b465ee728b)
Start importing Assets/SlugGlove Flying Assets/Material/Areas/Outline.mat using Guid(a3f47cee58948e84c80e671474ff5b28) Importer(815301076,1909f56bfc062723c751e8b465ee728b)  -> (artifact id: '8e415750755dbc3a5246e0e106d6ff38') in 0.004330 seconds
Number of updated asset objects reloaded before import = 0
Number of asset objects unloaded after import = 1
========================================================================
Received Import Request.
  Time since last request: 0.465648 seconds.
  path: Assets/SlugGlove Flying Assets/Material/Objects/Material.002.mat
  artifactKey: Guid(e995b0816da51c54e90238cc60abf131) Importer(815301076,1909f56bfc062723c751e8b465ee728b)
Start importing Assets/SlugGlove Flying Assets/Material/Objects/Material.002.mat using Guid(e995b0816da51c54e90238cc60abf131) Importer(815301076,1909f56bfc062723c751e8b465ee728b)  -> (artifact id: 'db17fa872cbe288f65418d3aa9d1524c') in 0.170979 seconds
Number of updated asset objects reloaded before import = 0
Number of asset objects unloaded after import = 1
========================================================================
Received Import Request.
  Time since last request: 0.223860 seconds.
  path: Assets/SlugGlove Flying Assets/Material/Particles/Boost Fx.mat
  artifactKey: Guid(96853b94927e311458101c3bf59ee909) Importer(815301076,1909f56bfc062723c751e8b465ee728b)
Start importing Assets/SlugGlove Flying Assets/Material/Particles/Boost Fx.mat using Guid(96853b94927e311458101c3bf59ee909) Importer(815301076,1909f56bfc062723c751e8b465ee728b)  -> (artifact id: 'bc743ba05a46821f612c63d2c68d36ea') in 0.004932 seconds
Number of updated asset objects reloaded before import = 0
Number of asset objects unloaded after import = 1
========================================================================
Received Import Request.
  Time since last request: 0.000012 seconds.
  path: Assets/SlugGlove Flying Assets/Material/Particles/Dust3D 2.mat
  artifactKey: Guid(0befd961c80c3ce4fae51608ff0c442f) Importer(815301076,1909f56bfc062723c751e8b465ee728b)
Start importing Assets/SlugGlove Flying Assets/Material/Particles/Dust3D 2.mat using Guid(0befd961c80c3ce4fae51608ff0c442f) Importer(815301076,1909f56bfc062723c751e8b465ee728b)  -> (artifact id: '16f8ae6236c3e5be3ad333f940fc4514') in 0.005321 seconds
Number of updated asset objects reloaded before import = 0
Number of asset objects unloaded after import = 1
========================================================================
Received Import Request.
  Time since last request: 0.000085 seconds.
  path: Assets/SlugGlove Flying Assets/Material/Particles/Dust3D 5.mat
  artifactKey: Guid(8022425a3e49aa444bcd322e86a95575) Importer(815301076,1909f56bfc062723c751e8b465ee728b)
Start importing Assets/SlugGlove Flying Assets/Material/Particles/Dust3D 5.mat using Guid(8022425a3e49aa444bcd322e86a95575) Importer(815301076,1909f56bfc062723c751e8b465ee728b)  -> (artifact id: '8596c4e4058f8fc7f8475df56a247c09') in 0.005376 seconds
Number of updated asset objects reloaded before import = 0
Number of asset objects unloaded after import = 1
========================================================================
Received Import Request.
  Time since last request: 0.000015 seconds.
  path: Assets/SlugGlove Flying Assets/Material/Particles/Dust3D 3.mat
  artifactKey: Guid(5d8c0a1c8d73a5047bc6f51ec6404a21) Importer(815301076,1909f56bfc062723c751e8b465ee728b)
Start importing Assets/SlugGlove Flying Assets/Material/Particles/Dust3D 3.mat using Guid(5d8c0a1c8d73a5047bc6f51ec6404a21) Importer(815301076,1909f56bfc062723c751e8b465ee728b)  -> (artifact id: 'c81c50e56ec5d1c7c10d8dcc12e925b5') in 0.004965 seconds
Number of updated asset objects reloaded before import = 0
Number of asset objects unloaded after import = 1
========================================================================
Received Import Request.
  Time since last request: 0.433988 seconds.
  path: Assets/SlugGlove Flying Assets/Material/Player/Bird Face.mat
  artifactKey: Guid(7bda631ec6e914b458e1adf6a8ecfc23) Importer(815301076,1909f56bfc062723c751e8b465ee728b)
Start importing Assets/SlugGlove Flying Assets/Material/Player/Bird Face.mat using Guid(7bda631ec6e914b458e1adf6a8ecfc23) Importer(815301076,1909f56bfc062723c751e8b465ee728b)  -> (artifact id: '84c32f5d6e77ecc215197fc1ef51fe1c') in 0.005002 seconds
Number of updated asset objects reloaded before import = 0
Number of asset objects unloaded after import = 2
========================================================================
Received Prepare
Begin MonoManager ReloadAssembly
C:\build\output\Unity-Technologies\mono\mono\metadata\icall.c:1842:
C:\build\output\Unity-Technologies\mono\mono\metadata\icall.c:1842:
C:\build\output\Unity-Technologies\mono\mono\metadata\icall.c:1842:
C:\build\output\Unity-Technologies\mono\mono\metadata\icall.c:1842:
C:\build\output\Unity-Technologies\mono\mono\metadata\icall.c:1842:
C:\build\output\Unity-Technologies\mono\mono\metadata\icall.c:1842:
C:\build\output\Unity-Technologies\mono\mono\metadata\icall.c:1842:
C:\build\output\Unity-Technologies\mono\mono\metadata\icall.c:1842:
C:\build\output\Unity-Technologies\mono\mono\metadata\icall.c:1842:
C:\build\output\Unity-Technologies\mono\mono\metadata\icall.c:1842:
C:\build\output\Unity-Technologies\mono\mono\metadata\icall.c:1842:
C:\build\output\Unity-Technologies\mono\mono\metadata\icall.c:1842:
Symbol file LoadedFromMemory doesn't match image D:\unity\Thesis project\Library\PackageCache\com.unity.visualscripting@1.8.0\Editor\VisualScripting.Core\Dependencies\YamlDotNet\Unity.VisualScripting.YamlDotNet.dll
Symbol file LoadedFromMemory doesn't match image D:\unity\Thesis project\Library\PackageCache\com.unity.visualscripting@1.8.0\Editor\VisualScripting.Core\Dependencies\DotNetZip\Unity.VisualScripting.IonicZip.dll
- Loaded All Assemblies, in  0.762 seconds
Refreshing native plugins compatible for Editor in 1.26 ms, found 3 plugins.
Native extension for WindowsStandalone target not found
Native extension for WebGL target not found
Mono: successfully reloaded assembly
- Finished resetting the current domain, in  0.978 seconds
Domain Reload Profiling: 1739ms
	BeginReloadAssembly (190ms)
		ExecutionOrderSort (0ms)
		DisableScriptedObjects (5ms)
		BackupInstance (0ms)
		ReleaseScriptingObjects (0ms)
		CreateAndSetChildDomain (56ms)
	RebuildCommonClasses (41ms)
	RebuildNativeTypeToScriptingClass (18ms)
	initialDomainReloadingComplete (24ms)
	LoadAllAssembliesAndSetupDomain (488ms)
		LoadAssemblies (269ms)
		RebuildTransferFunctionScriptingTraits (0ms)
		AnalyzeDomain (316ms)
			TypeCache.Refresh (309ms)
				TypeCache.ScanAssembly (299ms)
			ScanForSourceGeneratedMonoScriptInfo (0ms)
			ResolveRequiredComponents (6ms)
	FinalizeReload (979ms)
		ReleaseScriptCaches (0ms)
		RebuildScriptCaches (0ms)
		SetupLoadedEditorAssemblies (568ms)
			LogAssemblyErrors (0ms)
			InitializePlatformSupportModulesInManaged (7ms)
			SetLoadedEditorAssemblies (3ms)
			BeforeProcessingInitializeOnLoad (78ms)
			ProcessInitializeOnLoadAttributes (453ms)
			ProcessInitializeOnLoadMethodAttributes (24ms)
			AfterProcessingInitializeOnLoad (3ms)
			EditorAssembliesLoaded (0ms)
		ExecutionOrderSort2 (0ms)
		AwakeInstancesAfterBackupRestoration (10ms)
Refreshing native plugins compatible for Editor in 1.18 ms, found 3 plugins.
Preloading 0 native plugins for Editor in 0.00 ms.
Unloading 3112 Unused Serialized files (Serialized files now loaded: 0)
Unloading 25 unused Assets / (32.3 KB). Loaded Objects now: 3772.
Memory consumption went from 207.4 MB to 207.4 MB.
Total: 4.815000 ms (FindLiveObjects: 0.230300 ms CreateObjectMapping: 0.223500 ms MarkObjects: 4.284900 ms  DeleteObjects: 0.074400 ms)

Prepare: number of updated asset objects reloaded= 0
AssetImportParameters requested are different than current active one (requested -> active):
  custom:video-decoder-webm-vp8: 9c59270c3fd7afecdb556c50c9e8de78 -> 
  custom:SearchIndexIgnoredProperties: e643bd26f0fe6173181afceb89e7c659 -> 
  custom:audio-encoder-webm-vorbis: bf7c407c2cedff20999df2af8eb42d56 -> 
  custom:AudioImporter_EditorPlatform: d09bf68614088b80899f8185d706f6e7 -> 
  custom:audio-decoder-ogg-vorbis: bf7c407c2cedff20999df2af8eb42d56 -> 
  custom:video-encoder-webm-vp8: eb34c28f22e8b96e1ab97ce403110664 -> 
  custom:container-demuxer-ogg: 62fdf1f143b41e24485cea50d1cbac27 -> 
  custom:framework-win-MediaFoundation: 216162199b28c13a410421893ffa2e32 -> 
  custom:video-decoder-ogg-theora: a1e56fd34408186e4bbccfd4996cb3dc -> 
  custom:container-muxer-webm: aa71ff27fc2769a1b78a27578f13a17b -> 
  custom:CustomObjectIndexerAttribute: 756ad292c208cfabdd7b50bc23989ffe -> 
  custom:container-demuxer-webm: 4f35f7cbe854078d1ac9338744f61a02 -> 
Editor requested this worker to shutdown with reason: Scaling down because of idle timeout
AssetImportWorker is now disconnected from the server
Process exiting
Exiting without the bug reporter. Application will terminate with return code 0